2024-05-04 17:39:51,251 | INFO  | Using Persistence Adapter: KahaDBPersistenceAdapter[C:\Users\deser\Downloads\apache-activemq-5.18.4\bin\win32\..\..\data\kahadb] | org.apache.activemq.broker.BrokerService | WrapperSimpleAppMain
2024-05-04 17:39:51,257 | INFO  | Starting Persistence Adapter: KahaDBPersistenceAdapter[C:\Users\deser\Downloads\apache-activemq-5.18.4\bin\win32\..\..\data\kahadb] | org.apache.activemq.broker.BrokerService | WrapperSimpleAppMain
2024-05-04 17:39:51,280 | INFO  | Starting KahaDBStore | org.apache.activemq.store.kahadb.KahaDBStore | WrapperSimpleAppMain
2024-05-04 17:39:51,281 | INFO  | Opening MessageDatabase | org.apache.activemq.store.kahadb.MessageDatabase | WrapperSimpleAppMain
2024-05-04 17:39:51,664 | INFO  | Starting Temp Data Store | org.apache.activemq.broker.BrokerService | WrapperSimpleAppMain
2024-05-04 17:39:51,665 | INFO  | PListStore:[C:\Users\deser\Downloads\apache-activemq-5.18.4\bin\win32\..\..\data\localhost\tmp_storage] started | org.apache.activemq.store.kahadb.plist.PListStoreImpl | WrapperSimpleAppMain
2024-05-04 17:39:51,665 | INFO  | Starting Job Scheduler Store | org.apache.activemq.broker.BrokerService | WrapperSimpleAppMain
2024-05-04 17:39:51,665 | INFO  | Persistence Adapter successfully started | org.apache.activemq.broker.BrokerService | WrapperSimpleAppMain
2024-05-04 17:39:51,846 | INFO  | Apache ActiveMQ 5.18.4 (localhost, ID:LAPTOP-4UUFSJVI-63968-1714837191674-0:1) is starting | org.apache.activemq.broker.BrokerService | WrapperSimpleAppMain
2024-05-04 17:39:51,864 | INFO  | Listening for connections at: tcp://LAPTOP-4UUFSJVI:61616?maximumConnections=1000&wireFormat.maxFrameSize=104857600 | org.apache.activemq.transport.TransportServerThreadSupport | WrapperSimpleAppMain
2024-05-04 17:39:51,864 | INFO  | Connector openwire started | org.apache.activemq.broker.TransportConnector | WrapperSimpleAppMain
2024-05-04 17:39:51,867 | INFO  | Listening for connections at: amqp://LAPTOP-4UUFSJVI:5672?maximumConnections=1000&wireFormat.maxFrameSize=104857600 | org.apache.activemq.transport.TransportServerThreadSupport | WrapperSimpleAppMain
2024-05-04 17:39:51,867 | INFO  | Connector amqp started | org.apache.activemq.broker.TransportConnector | WrapperSimpleAppMain
2024-05-04 17:39:51,870 | INFO  | Listening for connections at: stomp://LAPTOP-4UUFSJVI:61613?maximumConnections=1000&wireFormat.maxFrameSize=104857600 | org.apache.activemq.transport.TransportServerThreadSupport | WrapperSimpleAppMain
2024-05-04 17:39:51,870 | INFO  | Connector stomp started | org.apache.activemq.broker.TransportConnector | WrapperSimpleAppMain
2024-05-04 17:39:51,873 | INFO  | Listening for connections at: mqtt://LAPTOP-4UUFSJVI:1883?maximumConnections=1000&wireFormat.maxFrameSize=104857600 | org.apache.activemq.transport.TransportServerThreadSupport | WrapperSimpleAppMain
2024-05-04 17:39:51,873 | INFO  | Connector mqtt started | org.apache.activemq.broker.TransportConnector | WrapperSimpleAppMain
2024-05-04 17:39:51,877 | INFO  | Starting Jetty server | org.apache.activemq.transport.WebTransportServerSupport | WrapperSimpleAppMain
2024-05-04 17:39:51,909 | INFO  | Creating Jetty connector | org.apache.activemq.transport.WebTransportServerSupport | WrapperSimpleAppMain
2024-05-04 17:39:51,951 | WARN  | ServletContext@o.e.j.s.ServletContextHandler@6c9a7017{/,null,STARTING} has uncovered http methods for path: / | org.eclipse.jetty.security.SecurityHandler | WrapperSimpleAppMain
2024-05-04 17:39:52,013 | INFO  | Listening for connections at ws://LAPTOP-4UUFSJVI:61614?maximumConnections=1000&wireFormat.maxFrameSize=104857600 | org.apache.activemq.transport.ws.WSTransportServer | WrapperSimpleAppMain
2024-05-04 17:39:52,014 | INFO  | Connector ws started | org.apache.activemq.broker.TransportConnector | WrapperSimpleAppMain
2024-05-04 17:39:52,014 | INFO  | Apache ActiveMQ 5.18.4 (localhost, ID:LAPTOP-4UUFSJVI-63968-1714837191674-0:1) started | org.apache.activemq.broker.BrokerService | WrapperSimpleAppMain
2024-05-04 17:39:52,014 | INFO  | For help or more information please see: http://activemq.apache.org | org.apache.activemq.broker.BrokerService | WrapperSimpleAppMain
2024-05-04 17:39:52,585 | INFO  | ActiveMQ WebConsole available at http://127.0.0.1:8161/ | org.apache.activemq.web.WebConsoleStarter | WrapperSimpleAppMain
2024-05-04 17:39:52,585 | INFO  | ActiveMQ Jolokia REST API available at http://127.0.0.1:8161/api/jolokia/ | org.apache.activemq.web.WebConsoleStarter | WrapperSimpleAppMain
2024-05-05 15:08:03,352 | INFO  | Using Persistence Adapter: KahaDBPersistenceAdapter[C:\Users\deser\Downloads\apache-activemq-5.18.4\bin\win32\..\..\data\kahadb] | org.apache.activemq.broker.BrokerService | WrapperSimpleAppMain
2024-05-05 15:08:03,359 | INFO  | Starting Persistence Adapter: KahaDBPersistenceAdapter[C:\Users\deser\Downloads\apache-activemq-5.18.4\bin\win32\..\..\data\kahadb] | org.apache.activemq.broker.BrokerService | WrapperSimpleAppMain
2024-05-05 15:08:03,381 | INFO  | Starting KahaDBStore | org.apache.activemq.store.kahadb.KahaDBStore | WrapperSimpleAppMain
2024-05-05 15:08:03,382 | INFO  | Opening MessageDatabase | org.apache.activemq.store.kahadb.MessageDatabase | WrapperSimpleAppMain
2024-05-05 15:08:03,425 | INFO  | Page File: ..\..\data\kahadb\db.data. Recovering pageFile free list due to prior unclean shutdown.. | org.apache.activemq.store.kahadb.disk.page.PageFile | KahaDB Index Free Page Recovery
2024-05-05 15:08:03,430 | INFO  | KahaDB is version 7 | org.apache.activemq.store.kahadb.MessageDatabase | WrapperSimpleAppMain
2024-05-05 15:08:03,430 | INFO  | Page File: ..\..\data\kahadb\db.data. Recovered pageFile free list of size: 6 | org.apache.activemq.store.kahadb.disk.page.PageFile | KahaDB Index Free Page Recovery
2024-05-05 15:08:03,557 | INFO  | Starting Temp Data Store | org.apache.activemq.broker.BrokerService | WrapperSimpleAppMain
2024-05-05 15:08:03,558 | INFO  | PListStore:[C:\Users\deser\Downloads\apache-activemq-5.18.4\bin\win32\..\..\data\localhost\tmp_storage] started | org.apache.activemq.store.kahadb.plist.PListStoreImpl | WrapperSimpleAppMain
2024-05-05 15:08:03,558 | INFO  | Starting Job Scheduler Store | org.apache.activemq.broker.BrokerService | WrapperSimpleAppMain
2024-05-05 15:08:03,558 | INFO  | Persistence Adapter successfully started | org.apache.activemq.broker.BrokerService | WrapperSimpleAppMain
2024-05-05 15:08:03,693 | INFO  | Apache ActiveMQ 5.18.4 (localhost, ID:LAPTOP-4UUFSJVI-49415-1714914483567-0:1) is starting | org.apache.activemq.broker.BrokerService | WrapperSimpleAppMain
2024-05-05 15:08:03,755 | INFO  | Listening for connections at: tcp://LAPTOP-4UUFSJVI:61616?maximumConnections=1000&wireFormat.maxFrameSize=104857600 | org.apache.activemq.transport.TransportServerThreadSupport | WrapperSimpleAppMain
2024-05-05 15:08:03,755 | INFO  | Connector openwire started | org.apache.activemq.broker.TransportConnector | WrapperSimpleAppMain
2024-05-05 15:08:03,759 | INFO  | Listening for connections at: amqp://LAPTOP-4UUFSJVI:5672?maximumConnections=1000&wireFormat.maxFrameSize=104857600 | org.apache.activemq.transport.TransportServerThreadSupport | WrapperSimpleAppMain
2024-05-05 15:08:03,759 | INFO  | Connector amqp started | org.apache.activemq.broker.TransportConnector | WrapperSimpleAppMain
2024-05-05 15:08:03,764 | INFO  | Listening for connections at: stomp://LAPTOP-4UUFSJVI:61613?maximumConnections=1000&wireFormat.maxFrameSize=104857600 | org.apache.activemq.transport.TransportServerThreadSupport | WrapperSimpleAppMain
2024-05-05 15:08:03,764 | INFO  | Connector stomp started | org.apache.activemq.broker.TransportConnector | WrapperSimpleAppMain
2024-05-05 15:08:03,769 | INFO  | Listening for connections at: mqtt://LAPTOP-4UUFSJVI:1883?maximumConnections=1000&wireFormat.maxFrameSize=104857600 | org.apache.activemq.transport.TransportServerThreadSupport | WrapperSimpleAppMain
2024-05-05 15:08:03,769 | INFO  | Connector mqtt started | org.apache.activemq.broker.TransportConnector | WrapperSimpleAppMain
2024-05-05 15:08:03,773 | INFO  | Starting Jetty server | org.apache.activemq.transport.WebTransportServerSupport | WrapperSimpleAppMain
2024-05-05 15:08:03,813 | INFO  | Creating Jetty connector | org.apache.activemq.transport.WebTransportServerSupport | WrapperSimpleAppMain
2024-05-05 15:08:03,866 | WARN  | ServletContext@o.e.j.s.ServletContextHandler@2db77b1f{/,null,STARTING} has uncovered http methods for path: / | org.eclipse.jetty.security.SecurityHandler | WrapperSimpleAppMain
2024-05-05 15:08:03,945 | INFO  | Listening for connections at ws://LAPTOP-4UUFSJVI:61614?maximumConnections=1000&wireFormat.maxFrameSize=104857600 | org.apache.activemq.transport.ws.WSTransportServer | WrapperSimpleAppMain
2024-05-05 15:08:03,945 | INFO  | Connector ws started | org.apache.activemq.broker.TransportConnector | WrapperSimpleAppMain
2024-05-05 15:08:03,945 | INFO  | Apache ActiveMQ 5.18.4 (localhost, ID:LAPTOP-4UUFSJVI-49415-1714914483567-0:1) started | org.apache.activemq.broker.BrokerService | WrapperSimpleAppMain
2024-05-05 15:08:03,945 | INFO  | For help or more information please see: http://activemq.apache.org | org.apache.activemq.broker.BrokerService | WrapperSimpleAppMain
2024-05-05 15:08:04,520 | INFO  | ActiveMQ WebConsole available at http://127.0.0.1:8161/ | org.apache.activemq.web.WebConsoleStarter | WrapperSimpleAppMain
2024-05-05 15:08:04,520 | INFO  | ActiveMQ Jolokia REST API available at http://127.0.0.1:8161/api/jolokia/ | org.apache.activemq.web.WebConsoleStarter | WrapperSimpleAppMain
2024-05-14 21:45:30,528 | INFO  | Using Persistence Adapter: KahaDBPersistenceAdapter[C:\Users\deser\Downloads\apache-activemq-5.18.4\bin\win32\..\..\data\kahadb] | org.apache.activemq.broker.BrokerService | WrapperSimpleAppMain
2024-05-14 21:45:30,535 | INFO  | Starting Persistence Adapter: KahaDBPersistenceAdapter[C:\Users\deser\Downloads\apache-activemq-5.18.4\bin\win32\..\..\data\kahadb] | org.apache.activemq.broker.BrokerService | WrapperSimpleAppMain
2024-05-14 21:45:30,558 | INFO  | Starting KahaDBStore | org.apache.activemq.store.kahadb.KahaDBStore | WrapperSimpleAppMain
2024-05-14 21:45:30,558 | INFO  | Opening MessageDatabase | org.apache.activemq.store.kahadb.MessageDatabase | WrapperSimpleAppMain
2024-05-14 21:45:30,609 | INFO  | Page File: ..\..\data\kahadb\db.data. Recovering pageFile free list due to prior unclean shutdown.. | org.apache.activemq.store.kahadb.disk.page.PageFile | KahaDB Index Free Page Recovery
2024-05-14 21:45:30,614 | INFO  | KahaDB is version 7 | org.apache.activemq.store.kahadb.MessageDatabase | WrapperSimpleAppMain
2024-05-14 21:45:30,615 | INFO  | Page File: ..\..\data\kahadb\db.data. Recovered pageFile free list of size: 12 | org.apache.activemq.store.kahadb.disk.page.PageFile | KahaDB Index Free Page Recovery
2024-05-14 21:45:30,746 | INFO  | Starting Temp Data Store | org.apache.activemq.broker.BrokerService | WrapperSimpleAppMain
2024-05-14 21:45:30,748 | INFO  | PListStore:[C:\Users\deser\Downloads\apache-activemq-5.18.4\bin\win32\..\..\data\localhost\tmp_storage] started | org.apache.activemq.store.kahadb.plist.PListStoreImpl | WrapperSimpleAppMain
2024-05-14 21:45:30,748 | INFO  | Starting Job Scheduler Store | org.apache.activemq.broker.BrokerService | WrapperSimpleAppMain
2024-05-14 21:45:30,748 | INFO  | Persistence Adapter successfully started | org.apache.activemq.broker.BrokerService | WrapperSimpleAppMain
2024-05-14 21:45:30,893 | INFO  | Apache ActiveMQ 5.18.4 (localhost, ID:LAPTOP-4UUFSJVI-53312-1715715930757-0:1) is starting | org.apache.activemq.broker.BrokerService | WrapperSimpleAppMain
2024-05-14 21:45:30,949 | INFO  | Listening for connections at: tcp://LAPTOP-4UUFSJVI:61616?maximumConnections=1000&wireFormat.maxFrameSize=104857600 | org.apache.activemq.transport.TransportServerThreadSupport | WrapperSimpleAppMain
2024-05-14 21:45:30,949 | INFO  | Connector openwire started | org.apache.activemq.broker.TransportConnector | WrapperSimpleAppMain
2024-05-14 21:45:30,958 | INFO  | Listening for connections at: amqp://LAPTOP-4UUFSJVI:5672?maximumConnections=1000&wireFormat.maxFrameSize=104857600 | org.apache.activemq.transport.TransportServerThreadSupport | WrapperSimpleAppMain
2024-05-14 21:45:30,958 | INFO  | Connector amqp started | org.apache.activemq.broker.TransportConnector | WrapperSimpleAppMain
2024-05-14 21:45:30,962 | INFO  | Listening for connections at: stomp://LAPTOP-4UUFSJVI:61613?maximumConnections=1000&wireFormat.maxFrameSize=104857600 | org.apache.activemq.transport.TransportServerThreadSupport | WrapperSimpleAppMain
2024-05-14 21:45:30,964 | INFO  | Connector stomp started | org.apache.activemq.broker.TransportConnector | WrapperSimpleAppMain
2024-05-14 21:45:30,969 | INFO  | Listening for connections at: mqtt://LAPTOP-4UUFSJVI:1883?maximumConnections=1000&wireFormat.maxFrameSize=104857600 | org.apache.activemq.transport.TransportServerThreadSupport | WrapperSimpleAppMain
2024-05-14 21:45:30,969 | INFO  | Connector mqtt started | org.apache.activemq.broker.TransportConnector | WrapperSimpleAppMain
2024-05-14 21:45:30,974 | INFO  | Starting Jetty server | org.apache.activemq.transport.WebTransportServerSupport | WrapperSimpleAppMain
2024-05-14 21:45:31,007 | INFO  | Creating Jetty connector | org.apache.activemq.transport.WebTransportServerSupport | WrapperSimpleAppMain
2024-05-14 21:45:31,053 | WARN  | ServletContext@o.e.j.s.ServletContextHandler@1e505abb{/,null,STARTING} has uncovered http methods for path: / | org.eclipse.jetty.security.SecurityHandler | WrapperSimpleAppMain
2024-05-14 21:45:31,112 | INFO  | Listening for connections at ws://LAPTOP-4UUFSJVI:61614?maximumConnections=1000&wireFormat.maxFrameSize=104857600 | org.apache.activemq.transport.ws.WSTransportServer | WrapperSimpleAppMain
2024-05-14 21:45:31,112 | INFO  | Connector ws started | org.apache.activemq.broker.TransportConnector | WrapperSimpleAppMain
2024-05-14 21:45:31,112 | INFO  | Apache ActiveMQ 5.18.4 (localhost, ID:LAPTOP-4UUFSJVI-53312-1715715930757-0:1) started | org.apache.activemq.broker.BrokerService | WrapperSimpleAppMain
2024-05-14 21:45:31,112 | INFO  | For help or more information please see: http://activemq.apache.org | org.apache.activemq.broker.BrokerService | WrapperSimpleAppMain
2024-05-14 21:45:31,641 | INFO  | ActiveMQ WebConsole available at http://127.0.0.1:8161/ | org.apache.activemq.web.WebConsoleStarter | WrapperSimpleAppMain
2024-05-14 21:45:31,642 | INFO  | ActiveMQ Jolokia REST API available at http://127.0.0.1:8161/api/jolokia/ | org.apache.activemq.web.WebConsoleStarter | WrapperSimpleAppMain
2024-05-15 00:39:34,096 | INFO  | Using Persistence Adapter: KahaDBPersistenceAdapter[C:\Users\deser\Downloads\apache-activemq-5.18.4\bin\win32\..\..\data\kahadb] | org.apache.activemq.broker.BrokerService | WrapperSimpleAppMain
2024-05-15 00:39:34,102 | INFO  | Starting Persistence Adapter: KahaDBPersistenceAdapter[C:\Users\deser\Downloads\apache-activemq-5.18.4\bin\win32\..\..\data\kahadb] | org.apache.activemq.broker.BrokerService | WrapperSimpleAppMain
2024-05-15 00:39:34,121 | INFO  | Starting KahaDBStore | org.apache.activemq.store.kahadb.KahaDBStore | WrapperSimpleAppMain
2024-05-15 00:39:34,121 | INFO  | Opening MessageDatabase | org.apache.activemq.store.kahadb.MessageDatabase | WrapperSimpleAppMain
2024-05-15 00:39:34,161 | INFO  | Page File: ..\..\data\kahadb\db.data. Recovering pageFile free list due to prior unclean shutdown.. | org.apache.activemq.store.kahadb.disk.page.PageFile | KahaDB Index Free Page Recovery
2024-05-15 00:39:34,168 | INFO  | Page File: ..\..\data\kahadb\db.data. Recovered pageFile free list of size: 12 | org.apache.activemq.store.kahadb.disk.page.PageFile | KahaDB Index Free Page Recovery
2024-05-15 00:39:34,168 | INFO  | KahaDB is version 7 | org.apache.activemq.store.kahadb.MessageDatabase | WrapperSimpleAppMain
2024-05-15 00:39:34,281 | INFO  | Starting Temp Data Store | org.apache.activemq.broker.BrokerService | WrapperSimpleAppMain
2024-05-15 00:39:34,281 | INFO  | PListStore:[C:\Users\deser\Downloads\apache-activemq-5.18.4\bin\win32\..\..\data\localhost\tmp_storage] started | org.apache.activemq.store.kahadb.plist.PListStoreImpl | WrapperSimpleAppMain
2024-05-15 00:39:34,282 | INFO  | Starting Job Scheduler Store | org.apache.activemq.broker.BrokerService | WrapperSimpleAppMain
2024-05-15 00:39:34,282 | INFO  | Persistence Adapter successfully started | org.apache.activemq.broker.BrokerService | WrapperSimpleAppMain
2024-05-15 00:39:34,421 | INFO  | Apache ActiveMQ 5.18.4 (localhost, ID:LAPTOP-4UUFSJVI-57912-1715726374290-0:1) is starting | org.apache.activemq.broker.BrokerService | WrapperSimpleAppMain
2024-05-15 00:39:34,471 | INFO  | Listening for connections at: tcp://LAPTOP-4UUFSJVI:61616?maximumConnections=1000&wireFormat.maxFrameSize=104857600 | org.apache.activemq.transport.TransportServerThreadSupport | WrapperSimpleAppMain
2024-05-15 00:39:34,471 | INFO  | Connector openwire started | org.apache.activemq.broker.TransportConnector | WrapperSimpleAppMain
2024-05-15 00:39:34,474 | INFO  | Listening for connections at: amqp://LAPTOP-4UUFSJVI:5672?maximumConnections=1000&wireFormat.maxFrameSize=104857600 | org.apache.activemq.transport.TransportServerThreadSupport | WrapperSimpleAppMain
2024-05-15 00:39:34,474 | INFO  | Connector amqp started | org.apache.activemq.broker.TransportConnector | WrapperSimpleAppMain
2024-05-15 00:39:34,477 | INFO  | Listening for connections at: stomp://LAPTOP-4UUFSJVI:61613?maximumConnections=1000&wireFormat.maxFrameSize=104857600 | org.apache.activemq.transport.TransportServerThreadSupport | WrapperSimpleAppMain
2024-05-15 00:39:34,478 | INFO  | Connector stomp started | org.apache.activemq.broker.TransportConnector | WrapperSimpleAppMain
2024-05-15 00:39:34,481 | INFO  | Listening for connections at: mqtt://LAPTOP-4UUFSJVI:1883?maximumConnections=1000&wireFormat.maxFrameSize=104857600 | org.apache.activemq.transport.TransportServerThreadSupport | WrapperSimpleAppMain
2024-05-15 00:39:34,481 | INFO  | Connector mqtt started | org.apache.activemq.broker.TransportConnector | WrapperSimpleAppMain
2024-05-15 00:39:34,484 | INFO  | Starting Jetty server | org.apache.activemq.transport.WebTransportServerSupport | WrapperSimpleAppMain
2024-05-15 00:39:34,517 | INFO  | Creating Jetty connector | org.apache.activemq.transport.WebTransportServerSupport | WrapperSimpleAppMain
2024-05-15 00:39:34,554 | WARN  | ServletContext@o.e.j.s.ServletContextHandler@3bc071b9{/,null,STARTING} has uncovered http methods for path: / | org.eclipse.jetty.security.SecurityHandler | WrapperSimpleAppMain
2024-05-15 00:39:34,602 | INFO  | Listening for connections at ws://LAPTOP-4UUFSJVI:61614?maximumConnections=1000&wireFormat.maxFrameSize=104857600 | org.apache.activemq.transport.ws.WSTransportServer | WrapperSimpleAppMain
2024-05-15 00:39:34,602 | INFO  | Connector ws started | org.apache.activemq.broker.TransportConnector | WrapperSimpleAppMain
2024-05-15 00:39:34,602 | INFO  | Apache ActiveMQ 5.18.4 (localhost, ID:LAPTOP-4UUFSJVI-57912-1715726374290-0:1) started | org.apache.activemq.broker.BrokerService | WrapperSimpleAppMain
2024-05-15 00:39:34,602 | INFO  | For help or more information please see: http://activemq.apache.org | org.apache.activemq.broker.BrokerService | WrapperSimpleAppMain
2024-05-15 00:39:35,095 | INFO  | ActiveMQ WebConsole available at http://127.0.0.1:8161/ | org.apache.activemq.web.WebConsoleStarter | WrapperSimpleAppMain
2024-05-15 00:39:35,096 | INFO  | ActiveMQ Jolokia REST API available at http://127.0.0.1:8161/api/jolokia/ | org.apache.activemq.web.WebConsoleStarter | WrapperSimpleAppMain
2024-05-15 01:05:42,657 | INFO  | Using Persistence Adapter: KahaDBPersistenceAdapter[C:\Users\deser\Downloads\apache-activemq-5.18.4\bin\win32\..\..\data\kahadb] | org.apache.activemq.broker.BrokerService | WrapperSimpleAppMain
2024-05-15 01:05:42,663 | INFO  | Starting Persistence Adapter: KahaDBPersistenceAdapter[C:\Users\deser\Downloads\apache-activemq-5.18.4\bin\win32\..\..\data\kahadb] | org.apache.activemq.broker.BrokerService | WrapperSimpleAppMain
2024-05-15 01:05:42,698 | INFO  | Starting KahaDBStore | org.apache.activemq.store.kahadb.KahaDBStore | WrapperSimpleAppMain
2024-05-15 01:05:42,699 | INFO  | Opening MessageDatabase | org.apache.activemq.store.kahadb.MessageDatabase | WrapperSimpleAppMain
2024-05-15 01:05:42,736 | INFO  | Page File: ..\..\data\kahadb\db.data. Recovering pageFile free list due to prior unclean shutdown.. | org.apache.activemq.store.kahadb.disk.page.PageFile | KahaDB Index Free Page Recovery
2024-05-15 01:05:42,741 | INFO  | KahaDB is version 7 | org.apache.activemq.store.kahadb.MessageDatabase | WrapperSimpleAppMain
2024-05-15 01:05:42,741 | INFO  | Page File: ..\..\data\kahadb\db.data. Recovered pageFile free list of size: 6 | org.apache.activemq.store.kahadb.disk.page.PageFile | KahaDB Index Free Page Recovery
2024-05-15 01:05:42,850 | INFO  | Starting Temp Data Store | org.apache.activemq.broker.BrokerService | WrapperSimpleAppMain
2024-05-15 01:05:42,851 | INFO  | PListStore:[C:\Users\deser\Downloads\apache-activemq-5.18.4\bin\win32\..\..\data\localhost\tmp_storage] started | org.apache.activemq.store.kahadb.plist.PListStoreImpl | WrapperSimpleAppMain
2024-05-15 01:05:42,851 | INFO  | Starting Job Scheduler Store | org.apache.activemq.broker.BrokerService | WrapperSimpleAppMain
2024-05-15 01:05:42,851 | INFO  | Persistence Adapter successfully started | org.apache.activemq.broker.BrokerService | WrapperSimpleAppMain
2024-05-15 01:05:42,990 | INFO  | Apache ActiveMQ 5.18.4 (localhost, ID:LAPTOP-4UUFSJVI-55406-1715727942859-0:1) is starting | org.apache.activemq.broker.BrokerService | WrapperSimpleAppMain
2024-05-15 01:05:43,044 | INFO  | Listening for connections at: tcp://LAPTOP-4UUFSJVI:61616?maximumConnections=1000&wireFormat.maxFrameSize=104857600 | org.apache.activemq.transport.TransportServerThreadSupport | WrapperSimpleAppMain
2024-05-15 01:05:43,044 | INFO  | Connector openwire started | org.apache.activemq.broker.TransportConnector | WrapperSimpleAppMain
2024-05-15 01:05:43,047 | INFO  | Listening for connections at: amqp://LAPTOP-4UUFSJVI:5672?maximumConnections=1000&wireFormat.maxFrameSize=104857600 | org.apache.activemq.transport.TransportServerThreadSupport | WrapperSimpleAppMain
2024-05-15 01:05:43,047 | INFO  | Connector amqp started | org.apache.activemq.broker.TransportConnector | WrapperSimpleAppMain
2024-05-15 01:05:43,049 | INFO  | Listening for connections at: stomp://LAPTOP-4UUFSJVI:61613?maximumConnections=1000&wireFormat.maxFrameSize=104857600 | org.apache.activemq.transport.TransportServerThreadSupport | WrapperSimpleAppMain
2024-05-15 01:05:43,049 | INFO  | Connector stomp started | org.apache.activemq.broker.TransportConnector | WrapperSimpleAppMain
2024-05-15 01:05:43,053 | INFO  | Listening for connections at: mqtt://LAPTOP-4UUFSJVI:1883?maximumConnections=1000&wireFormat.maxFrameSize=104857600 | org.apache.activemq.transport.TransportServerThreadSupport | WrapperSimpleAppMain
2024-05-15 01:05:43,054 | INFO  | Connector mqtt started | org.apache.activemq.broker.TransportConnector | WrapperSimpleAppMain
2024-05-15 01:05:43,057 | INFO  | Starting Jetty server | org.apache.activemq.transport.WebTransportServerSupport | WrapperSimpleAppMain
2024-05-15 01:05:43,084 | INFO  | Creating Jetty connector | org.apache.activemq.transport.WebTransportServerSupport | WrapperSimpleAppMain
2024-05-15 01:05:43,122 | WARN  | ServletContext@o.e.j.s.ServletContextHandler@2625ad71{/,null,STARTING} has uncovered http methods for path: / | org.eclipse.jetty.security.SecurityHandler | WrapperSimpleAppMain
2024-05-15 01:05:43,170 | INFO  | Listening for connections at ws://LAPTOP-4UUFSJVI:61614?maximumConnections=1000&wireFormat.maxFrameSize=104857600 | org.apache.activemq.transport.ws.WSTransportServer | WrapperSimpleAppMain
2024-05-15 01:05:43,170 | INFO  | Connector ws started | org.apache.activemq.broker.TransportConnector | WrapperSimpleAppMain
2024-05-15 01:05:43,170 | INFO  | Apache ActiveMQ 5.18.4 (localhost, ID:LAPTOP-4UUFSJVI-55406-1715727942859-0:1) started | org.apache.activemq.broker.BrokerService | WrapperSimpleAppMain
2024-05-15 01:05:43,170 | INFO  | For help or more information please see: http://activemq.apache.org | org.apache.activemq.broker.BrokerService | WrapperSimpleAppMain
2024-05-15 01:05:43,664 | INFO  | ActiveMQ WebConsole available at http://127.0.0.1:8161/ | org.apache.activemq.web.WebConsoleStarter | WrapperSimpleAppMain
2024-05-15 01:05:43,664 | INFO  | ActiveMQ Jolokia REST API available at http://127.0.0.1:8161/api/jolokia/ | org.apache.activemq.web.WebConsoleStarter | WrapperSimpleAppMain
2024-05-15 01:08:09,771 | INFO  | Using Persistence Adapter: KahaDBPersistenceAdapter[C:\Users\deser\Downloads\apache-activemq-5.18.4\bin\win32\..\..\data\kahadb] | org.apache.activemq.broker.BrokerService | WrapperSimpleAppMain
2024-05-15 01:08:09,777 | INFO  | Starting Persistence Adapter: KahaDBPersistenceAdapter[C:\Users\deser\Downloads\apache-activemq-5.18.4\bin\win32\..\..\data\kahadb] | org.apache.activemq.broker.BrokerService | WrapperSimpleAppMain
2024-05-15 01:08:09,819 | INFO  | Starting KahaDBStore | org.apache.activemq.store.kahadb.KahaDBStore | WrapperSimpleAppMain
2024-05-15 01:08:09,820 | INFO  | Opening MessageDatabase | org.apache.activemq.store.kahadb.MessageDatabase | WrapperSimpleAppMain
2024-05-15 01:08:09,860 | INFO  | Page File: ..\..\data\kahadb\db.data. Recovering pageFile free list due to prior unclean shutdown.. | org.apache.activemq.store.kahadb.disk.page.PageFile | KahaDB Index Free Page Recovery
2024-05-15 01:08:09,864 | INFO  | KahaDB is version 7 | org.apache.activemq.store.kahadb.MessageDatabase | WrapperSimpleAppMain
2024-05-15 01:08:09,864 | INFO  | Page File: ..\..\data\kahadb\db.data. Recovered pageFile free list of size: 6 | org.apache.activemq.store.kahadb.disk.page.PageFile | KahaDB Index Free Page Recovery
2024-05-15 01:08:09,976 | INFO  | Starting Temp Data Store | org.apache.activemq.broker.BrokerService | WrapperSimpleAppMain
2024-05-15 01:08:09,976 | INFO  | PListStore:[C:\Users\deser\Downloads\apache-activemq-5.18.4\bin\win32\..\..\data\localhost\tmp_storage] started | org.apache.activemq.store.kahadb.plist.PListStoreImpl | WrapperSimpleAppMain
2024-05-15 01:08:09,976 | INFO  | Starting Job Scheduler Store | org.apache.activemq.broker.BrokerService | WrapperSimpleAppMain
2024-05-15 01:08:09,976 | INFO  | Persistence Adapter successfully started | org.apache.activemq.broker.BrokerService | WrapperSimpleAppMain
2024-05-15 01:08:10,116 | INFO  | Apache ActiveMQ 5.18.4 (localhost, ID:LAPTOP-4UUFSJVI-55496-1715728089985-0:1) is starting | org.apache.activemq.broker.BrokerService | WrapperSimpleAppMain
2024-05-15 01:08:10,169 | INFO  | Listening for connections at: tcp://LAPTOP-4UUFSJVI:61616?maximumConnections=1000&wireFormat.maxFrameSize=104857600 | org.apache.activemq.transport.TransportServerThreadSupport | WrapperSimpleAppMain
2024-05-15 01:08:10,169 | INFO  | Connector openwire started | org.apache.activemq.broker.TransportConnector | WrapperSimpleAppMain
2024-05-15 01:08:10,173 | INFO  | Listening for connections at: amqp://LAPTOP-4UUFSJVI:5672?maximumConnections=1000&wireFormat.maxFrameSize=104857600 | org.apache.activemq.transport.TransportServerThreadSupport | WrapperSimpleAppMain
2024-05-15 01:08:10,173 | INFO  | Connector amqp started | org.apache.activemq.broker.TransportConnector | WrapperSimpleAppMain
2024-05-15 01:08:10,176 | INFO  | Listening for connections at: stomp://LAPTOP-4UUFSJVI:61613?maximumConnections=1000&wireFormat.maxFrameSize=104857600 | org.apache.activemq.transport.TransportServerThreadSupport | WrapperSimpleAppMain
2024-05-15 01:08:10,176 | INFO  | Connector stomp started | org.apache.activemq.broker.TransportConnector | WrapperSimpleAppMain
2024-05-15 01:08:10,179 | INFO  | Listening for connections at: mqtt://LAPTOP-4UUFSJVI:1883?maximumConnections=1000&wireFormat.maxFrameSize=104857600 | org.apache.activemq.transport.TransportServerThreadSupport | WrapperSimpleAppMain
2024-05-15 01:08:10,179 | INFO  | Connector mqtt started | org.apache.activemq.broker.TransportConnector | WrapperSimpleAppMain
2024-05-15 01:08:10,183 | INFO  | Starting Jetty server | org.apache.activemq.transport.WebTransportServerSupport | WrapperSimpleAppMain
2024-05-15 01:08:10,212 | INFO  | Creating Jetty connector | org.apache.activemq.transport.WebTransportServerSupport | WrapperSimpleAppMain
2024-05-15 01:08:10,249 | WARN  | ServletContext@o.e.j.s.ServletContextHandler@2625ad71{/,null,STARTING} has uncovered http methods for path: / | org.eclipse.jetty.security.SecurityHandler | WrapperSimpleAppMain
2024-05-15 01:08:10,294 | INFO  | Listening for connections at ws://LAPTOP-4UUFSJVI:61614?maximumConnections=1000&wireFormat.maxFrameSize=104857600 | org.apache.activemq.transport.ws.WSTransportServer | WrapperSimpleAppMain
2024-05-15 01:08:10,294 | INFO  | Connector ws started | org.apache.activemq.broker.TransportConnector | WrapperSimpleAppMain
2024-05-15 01:08:10,295 | INFO  | Apache ActiveMQ 5.18.4 (localhost, ID:LAPTOP-4UUFSJVI-55496-1715728089985-0:1) started | org.apache.activemq.broker.BrokerService | WrapperSimpleAppMain
2024-05-15 01:08:10,295 | INFO  | For help or more information please see: http://activemq.apache.org | org.apache.activemq.broker.BrokerService | WrapperSimpleAppMain
2024-05-15 01:08:10,785 | INFO  | ActiveMQ WebConsole available at http://127.0.0.1:8161/ | org.apache.activemq.web.WebConsoleStarter | WrapperSimpleAppMain
2024-05-15 01:08:10,785 | INFO  | ActiveMQ Jolokia REST API available at http://127.0.0.1:8161/api/jolokia/ | org.apache.activemq.web.WebConsoleStarter | WrapperSimpleAppMain
2024-05-15 01:28:36,438 | INFO  | Using Persistence Adapter: KahaDBPersistenceAdapter[C:\Users\deser\Downloads\apache-activemq-5.18.4\bin\win32\..\..\data\kahadb] | org.apache.activemq.broker.BrokerService | WrapperSimpleAppMain
2024-05-15 01:28:36,443 | INFO  | Starting Persistence Adapter: KahaDBPersistenceAdapter[C:\Users\deser\Downloads\apache-activemq-5.18.4\bin\win32\..\..\data\kahadb] | org.apache.activemq.broker.BrokerService | WrapperSimpleAppMain
2024-05-15 01:28:36,512 | INFO  | Starting KahaDBStore | org.apache.activemq.store.kahadb.KahaDBStore | WrapperSimpleAppMain
2024-05-15 01:28:36,513 | INFO  | Opening MessageDatabase | org.apache.activemq.store.kahadb.MessageDatabase | WrapperSimpleAppMain
2024-05-15 01:28:36,552 | INFO  | Page File: ..\..\data\kahadb\db.data. Recovering pageFile free list due to prior unclean shutdown.. | org.apache.activemq.store.kahadb.disk.page.PageFile | KahaDB Index Free Page Recovery
2024-05-15 01:28:36,557 | INFO  | Page File: ..\..\data\kahadb\db.data. Recovered pageFile free list of size: 12 | org.apache.activemq.store.kahadb.disk.page.PageFile | KahaDB Index Free Page Recovery
2024-05-15 01:28:36,557 | INFO  | KahaDB is version 7 | org.apache.activemq.store.kahadb.MessageDatabase | WrapperSimpleAppMain
2024-05-15 01:28:36,669 | INFO  | Starting Temp Data Store | org.apache.activemq.broker.BrokerService | WrapperSimpleAppMain
2024-05-15 01:28:36,669 | INFO  | PListStore:[C:\Users\deser\Downloads\apache-activemq-5.18.4\bin\win32\..\..\data\localhost\tmp_storage] started | org.apache.activemq.store.kahadb.plist.PListStoreImpl | WrapperSimpleAppMain
2024-05-15 01:28:36,669 | INFO  | Starting Job Scheduler Store | org.apache.activemq.broker.BrokerService | WrapperSimpleAppMain
2024-05-15 01:28:36,669 | INFO  | Persistence Adapter successfully started | org.apache.activemq.broker.BrokerService | WrapperSimpleAppMain
2024-05-15 01:28:36,810 | INFO  | Apache ActiveMQ 5.18.4 (localhost, ID:LAPTOP-4UUFSJVI-61719-1715729316680-0:1) is starting | org.apache.activemq.broker.BrokerService | WrapperSimpleAppMain
2024-05-15 01:28:36,861 | INFO  | Listening for connections at: tcp://LAPTOP-4UUFSJVI:61616?maximumConnections=1000&wireFormat.maxFrameSize=104857600 | org.apache.activemq.transport.TransportServerThreadSupport | WrapperSimpleAppMain
2024-05-15 01:28:36,862 | INFO  | Connector openwire started | org.apache.activemq.broker.TransportConnector | WrapperSimpleAppMain
2024-05-15 01:28:36,865 | INFO  | Listening for connections at: amqp://LAPTOP-4UUFSJVI:5672?maximumConnections=1000&wireFormat.maxFrameSize=104857600 | org.apache.activemq.transport.TransportServerThreadSupport | WrapperSimpleAppMain
2024-05-15 01:28:36,865 | INFO  | Connector amqp started | org.apache.activemq.broker.TransportConnector | WrapperSimpleAppMain
2024-05-15 01:28:36,868 | INFO  | Listening for connections at: stomp://LAPTOP-4UUFSJVI:61613?maximumConnections=1000&wireFormat.maxFrameSize=104857600 | org.apache.activemq.transport.TransportServerThreadSupport | WrapperSimpleAppMain
2024-05-15 01:28:36,868 | INFO  | Connector stomp started | org.apache.activemq.broker.TransportConnector | WrapperSimpleAppMain
2024-05-15 01:28:36,871 | INFO  | Listening for connections at: mqtt://LAPTOP-4UUFSJVI:1883?maximumConnections=1000&wireFormat.maxFrameSize=104857600 | org.apache.activemq.transport.TransportServerThreadSupport | WrapperSimpleAppMain
2024-05-15 01:28:36,871 | INFO  | Connector mqtt started | org.apache.activemq.broker.TransportConnector | WrapperSimpleAppMain
2024-05-15 01:28:36,874 | INFO  | Starting Jetty server | org.apache.activemq.transport.WebTransportServerSupport | WrapperSimpleAppMain
2024-05-15 01:28:36,908 | INFO  | Creating Jetty connector | org.apache.activemq.transport.WebTransportServerSupport | WrapperSimpleAppMain
2024-05-15 01:28:36,949 | WARN  | ServletContext@o.e.j.s.ServletContextHandler@16f535d4{/,null,STARTING} has uncovered http methods for path: / | org.eclipse.jetty.security.SecurityHandler | WrapperSimpleAppMain
2024-05-15 01:28:37,001 | INFO  | Listening for connections at ws://LAPTOP-4UUFSJVI:61614?maximumConnections=1000&wireFormat.maxFrameSize=104857600 | org.apache.activemq.transport.ws.WSTransportServer | WrapperSimpleAppMain
2024-05-15 01:28:37,002 | INFO  | Connector ws started | org.apache.activemq.broker.TransportConnector | WrapperSimpleAppMain
2024-05-15 01:28:37,002 | INFO  | Apache ActiveMQ 5.18.4 (localhost, ID:LAPTOP-4UUFSJVI-61719-1715729316680-0:1) started | org.apache.activemq.broker.BrokerService | WrapperSimpleAppMain
2024-05-15 01:28:37,002 | INFO  | For help or more information please see: http://activemq.apache.org | org.apache.activemq.broker.BrokerService | WrapperSimpleAppMain
2024-05-15 01:28:37,491 | INFO  | ActiveMQ WebConsole available at http://127.0.0.1:8161/ | org.apache.activemq.web.WebConsoleStarter | WrapperSimpleAppMain
2024-05-15 01:28:37,491 | INFO  | ActiveMQ Jolokia REST API available at http://127.0.0.1:8161/api/jolokia/ | org.apache.activemq.web.WebConsoleStarter | WrapperSimpleAppMain
2024-05-15 21:17:54,767 | INFO  | Using Persistence Adapter: KahaDBPersistenceAdapter[C:\Users\deser\Downloads\apache-activemq-5.18.4\bin\win32\..\..\data\kahadb] | org.apache.activemq.broker.BrokerService | WrapperSimpleAppMain
2024-05-15 21:17:54,775 | INFO  | Starting Persistence Adapter: KahaDBPersistenceAdapter[C:\Users\deser\Downloads\apache-activemq-5.18.4\bin\win32\..\..\data\kahadb] | org.apache.activemq.broker.BrokerService | WrapperSimpleAppMain
2024-05-15 21:17:54,796 | INFO  | Starting KahaDBStore | org.apache.activemq.store.kahadb.KahaDBStore | WrapperSimpleAppMain
2024-05-15 21:17:54,796 | INFO  | Opening MessageDatabase | org.apache.activemq.store.kahadb.MessageDatabase | WrapperSimpleAppMain
2024-05-15 21:17:54,845 | INFO  | Page File: ..\..\data\kahadb\db.data. Recovering pageFile free list due to prior unclean shutdown.. | org.apache.activemq.store.kahadb.disk.page.PageFile | KahaDB Index Free Page Recovery
2024-05-15 21:17:54,850 | INFO  | KahaDB is version 7 | org.apache.activemq.store.kahadb.MessageDatabase | WrapperSimpleAppMain
2024-05-15 21:17:54,856 | INFO  | Page File: ..\..\data\kahadb\db.data. Recovered pageFile free list of size: 12 | org.apache.activemq.store.kahadb.disk.page.PageFile | KahaDB Index Free Page Recovery
2024-05-15 21:17:54,971 | INFO  | Starting Temp Data Store | org.apache.activemq.broker.BrokerService | WrapperSimpleAppMain
2024-05-15 21:17:54,971 | INFO  | PListStore:[C:\Users\deser\Downloads\apache-activemq-5.18.4\bin\win32\..\..\data\localhost\tmp_storage] started | org.apache.activemq.store.kahadb.plist.PListStoreImpl | WrapperSimpleAppMain
2024-05-15 21:17:54,971 | INFO  | Starting Job Scheduler Store | org.apache.activemq.broker.BrokerService | WrapperSimpleAppMain
2024-05-15 21:17:54,972 | INFO  | Persistence Adapter successfully started | org.apache.activemq.broker.BrokerService | WrapperSimpleAppMain
2024-05-15 21:17:55,115 | INFO  | Apache ActiveMQ 5.18.4 (localhost, ID:LAPTOP-4UUFSJVI-54844-1715800674981-0:1) is starting | org.apache.activemq.broker.BrokerService | WrapperSimpleAppMain
2024-05-15 21:17:55,169 | INFO  | Listening for connections at: tcp://LAPTOP-4UUFSJVI:61616?maximumConnections=1000&wireFormat.maxFrameSize=104857600 | org.apache.activemq.transport.TransportServerThreadSupport | WrapperSimpleAppMain
2024-05-15 21:17:55,169 | INFO  | Connector openwire started | org.apache.activemq.broker.TransportConnector | WrapperSimpleAppMain
2024-05-15 21:17:55,172 | INFO  | Listening for connections at: amqp://LAPTOP-4UUFSJVI:5672?maximumConnections=1000&wireFormat.maxFrameSize=104857600 | org.apache.activemq.transport.TransportServerThreadSupport | WrapperSimpleAppMain
2024-05-15 21:17:55,173 | INFO  | Connector amqp started | org.apache.activemq.broker.TransportConnector | WrapperSimpleAppMain
2024-05-15 21:17:55,176 | INFO  | Listening for connections at: stomp://LAPTOP-4UUFSJVI:61613?maximumConnections=1000&wireFormat.maxFrameSize=104857600 | org.apache.activemq.transport.TransportServerThreadSupport | WrapperSimpleAppMain
2024-05-15 21:17:55,176 | INFO  | Connector stomp started | org.apache.activemq.broker.TransportConnector | WrapperSimpleAppMain
2024-05-15 21:17:55,178 | INFO  | Listening for connections at: mqtt://LAPTOP-4UUFSJVI:1883?maximumConnections=1000&wireFormat.maxFrameSize=104857600 | org.apache.activemq.transport.TransportServerThreadSupport | WrapperSimpleAppMain
2024-05-15 21:17:55,179 | INFO  | Connector mqtt started | org.apache.activemq.broker.TransportConnector | WrapperSimpleAppMain
2024-05-15 21:17:55,182 | INFO  | Starting Jetty server | org.apache.activemq.transport.WebTransportServerSupport | WrapperSimpleAppMain
2024-05-15 21:17:55,219 | INFO  | Creating Jetty connector | org.apache.activemq.transport.WebTransportServerSupport | WrapperSimpleAppMain
2024-05-15 21:17:55,260 | WARN  | ServletContext@o.e.j.s.ServletContextHandler@1e505abb{/,null,STARTING} has uncovered http methods for path: / | org.eclipse.jetty.security.SecurityHandler | WrapperSimpleAppMain
2024-05-15 21:17:55,321 | INFO  | Listening for connections at ws://LAPTOP-4UUFSJVI:61614?maximumConnections=1000&wireFormat.maxFrameSize=104857600 | org.apache.activemq.transport.ws.WSTransportServer | WrapperSimpleAppMain
2024-05-15 21:17:55,321 | INFO  | Connector ws started | org.apache.activemq.broker.TransportConnector | WrapperSimpleAppMain
2024-05-15 21:17:55,321 | INFO  | Apache ActiveMQ 5.18.4 (localhost, ID:LAPTOP-4UUFSJVI-54844-1715800674981-0:1) started | org.apache.activemq.broker.BrokerService | WrapperSimpleAppMain
2024-05-15 21:17:55,321 | INFO  | For help or more information please see: http://activemq.apache.org | org.apache.activemq.broker.BrokerService | WrapperSimpleAppMain
2024-05-15 21:17:55,859 | INFO  | ActiveMQ WebConsole available at http://127.0.0.1:8161/ | org.apache.activemq.web.WebConsoleStarter | WrapperSimpleAppMain
2024-05-15 21:17:55,859 | INFO  | ActiveMQ Jolokia REST API available at http://127.0.0.1:8161/api/jolokia/ | org.apache.activemq.web.WebConsoleStarter | WrapperSimpleAppMain
2024-05-16 16:47:48,822 | INFO  | Using Persistence Adapter: KahaDBPersistenceAdapter[C:\Users\deser\Downloads\apache-activemq-5.18.4\bin\win32\..\..\data\kahadb] | org.apache.activemq.broker.BrokerService | WrapperSimpleAppMain
2024-05-16 16:47:48,831 | INFO  | Starting Persistence Adapter: KahaDBPersistenceAdapter[C:\Users\deser\Downloads\apache-activemq-5.18.4\bin\win32\..\..\data\kahadb] | org.apache.activemq.broker.BrokerService | WrapperSimpleAppMain
2024-05-16 16:47:48,854 | INFO  | Starting KahaDBStore | org.apache.activemq.store.kahadb.KahaDBStore | WrapperSimpleAppMain
2024-05-16 16:47:48,854 | INFO  | Opening MessageDatabase | org.apache.activemq.store.kahadb.MessageDatabase | WrapperSimpleAppMain
2024-05-16 16:47:48,905 | INFO  | Page File: ..\..\data\kahadb\db.data. Recovering pageFile free list due to prior unclean shutdown.. | org.apache.activemq.store.kahadb.disk.page.PageFile | KahaDB Index Free Page Recovery
2024-05-16 16:47:48,911 | INFO  | KahaDB is version 7 | org.apache.activemq.store.kahadb.MessageDatabase | WrapperSimpleAppMain
2024-05-16 16:47:48,911 | INFO  | Page File: ..\..\data\kahadb\db.data. Recovered pageFile free list of size: 12 | org.apache.activemq.store.kahadb.disk.page.PageFile | KahaDB Index Free Page Recovery
2024-05-16 16:47:49,036 | INFO  | Starting Temp Data Store | org.apache.activemq.broker.BrokerService | WrapperSimpleAppMain
2024-05-16 16:47:49,036 | INFO  | PListStore:[C:\Users\deser\Downloads\apache-activemq-5.18.4\bin\win32\..\..\data\localhost\tmp_storage] started | org.apache.activemq.store.kahadb.plist.PListStoreImpl | WrapperSimpleAppMain
2024-05-16 16:47:49,036 | INFO  | Starting Job Scheduler Store | org.apache.activemq.broker.BrokerService | WrapperSimpleAppMain
2024-05-16 16:47:49,036 | INFO  | Persistence Adapter successfully started | org.apache.activemq.broker.BrokerService | WrapperSimpleAppMain
2024-05-16 16:47:49,172 | INFO  | Apache ActiveMQ 5.18.4 (localhost, ID:LAPTOP-4UUFSJVI-51818-1715870869046-0:1) is starting | org.apache.activemq.broker.BrokerService | WrapperSimpleAppMain
2024-05-16 16:47:49,232 | INFO  | Listening for connections at: tcp://LAPTOP-4UUFSJVI:61616?maximumConnections=1000&wireFormat.maxFrameSize=104857600 | org.apache.activemq.transport.TransportServerThreadSupport | WrapperSimpleAppMain
2024-05-16 16:47:49,232 | INFO  | Connector openwire started | org.apache.activemq.broker.TransportConnector | WrapperSimpleAppMain
2024-05-16 16:47:49,234 | INFO  | Listening for connections at: amqp://LAPTOP-4UUFSJVI:5672?maximumConnections=1000&wireFormat.maxFrameSize=104857600 | org.apache.activemq.transport.TransportServerThreadSupport | WrapperSimpleAppMain
2024-05-16 16:47:49,234 | INFO  | Connector amqp started | org.apache.activemq.broker.TransportConnector | WrapperSimpleAppMain
2024-05-16 16:47:49,238 | INFO  | Listening for connections at: stomp://LAPTOP-4UUFSJVI:61613?maximumConnections=1000&wireFormat.maxFrameSize=104857600 | org.apache.activemq.transport.TransportServerThreadSupport | WrapperSimpleAppMain
2024-05-16 16:47:49,238 | INFO  | Connector stomp started | org.apache.activemq.broker.TransportConnector | WrapperSimpleAppMain
2024-05-16 16:47:49,241 | INFO  | Listening for connections at: mqtt://LAPTOP-4UUFSJVI:1883?maximumConnections=1000&wireFormat.maxFrameSize=104857600 | org.apache.activemq.transport.TransportServerThreadSupport | WrapperSimpleAppMain
2024-05-16 16:47:49,242 | INFO  | Connector mqtt started | org.apache.activemq.broker.TransportConnector | WrapperSimpleAppMain
2024-05-16 16:47:49,245 | INFO  | Starting Jetty server | org.apache.activemq.transport.WebTransportServerSupport | WrapperSimpleAppMain
2024-05-16 16:47:49,280 | INFO  | Creating Jetty connector | org.apache.activemq.transport.WebTransportServerSupport | WrapperSimpleAppMain
2024-05-16 16:47:49,322 | WARN  | ServletContext@o.e.j.s.ServletContextHandler@1e505abb{/,null,STARTING} has uncovered http methods for path: / | org.eclipse.jetty.security.SecurityHandler | WrapperSimpleAppMain
2024-05-16 16:47:49,381 | INFO  | Listening for connections at ws://LAPTOP-4UUFSJVI:61614?maximumConnections=1000&wireFormat.maxFrameSize=104857600 | org.apache.activemq.transport.ws.WSTransportServer | WrapperSimpleAppMain
2024-05-16 16:47:49,381 | INFO  | Connector ws started | org.apache.activemq.broker.TransportConnector | WrapperSimpleAppMain
2024-05-16 16:47:49,381 | INFO  | Apache ActiveMQ 5.18.4 (localhost, ID:LAPTOP-4UUFSJVI-51818-1715870869046-0:1) started | org.apache.activemq.broker.BrokerService | WrapperSimpleAppMain
2024-05-16 16:47:49,382 | INFO  | For help or more information please see: http://activemq.apache.org | org.apache.activemq.broker.BrokerService | WrapperSimpleAppMain
2024-05-16 16:47:49,918 | INFO  | ActiveMQ WebConsole available at http://127.0.0.1:8161/ | org.apache.activemq.web.WebConsoleStarter | WrapperSimpleAppMain
2024-05-16 16:47:49,918 | INFO  | ActiveMQ Jolokia REST API available at http://127.0.0.1:8161/api/jolokia/ | org.apache.activemq.web.WebConsoleStarter | WrapperSimpleAppMain
2024-05-17 19:03:42,355 | INFO  | Using Persistence Adapter: KahaDBPersistenceAdapter[C:\Users\deser\Downloads\apache-activemq-5.18.4\bin\win32\..\..\data\kahadb] | org.apache.activemq.broker.BrokerService | WrapperSimpleAppMain
2024-05-17 19:03:42,368 | INFO  | Starting Persistence Adapter: KahaDBPersistenceAdapter[C:\Users\deser\Downloads\apache-activemq-5.18.4\bin\win32\..\..\data\kahadb] | org.apache.activemq.broker.BrokerService | WrapperSimpleAppMain
2024-05-17 19:03:42,401 | INFO  | Starting KahaDBStore | org.apache.activemq.store.kahadb.KahaDBStore | WrapperSimpleAppMain
2024-05-17 19:03:42,402 | INFO  | Opening MessageDatabase | org.apache.activemq.store.kahadb.MessageDatabase | WrapperSimpleAppMain
2024-05-17 19:03:42,468 | INFO  | Page File: ..\..\data\kahadb\db.data. Recovering pageFile free list due to prior unclean shutdown.. | org.apache.activemq.store.kahadb.disk.page.PageFile | KahaDB Index Free Page Recovery
2024-05-17 19:03:42,474 | INFO  | KahaDB is version 7 | org.apache.activemq.store.kahadb.MessageDatabase | WrapperSimpleAppMain
2024-05-17 19:03:42,474 | INFO  | Page File: ..\..\data\kahadb\db.data. Recovered pageFile free list of size: 12 | org.apache.activemq.store.kahadb.disk.page.PageFile | KahaDB Index Free Page Recovery
2024-05-17 19:03:42,620 | INFO  | Starting Temp Data Store | org.apache.activemq.broker.BrokerService | WrapperSimpleAppMain
2024-05-17 19:03:42,621 | INFO  | PListStore:[C:\Users\deser\Downloads\apache-activemq-5.18.4\bin\win32\..\..\data\localhost\tmp_storage] started | org.apache.activemq.store.kahadb.plist.PListStoreImpl | WrapperSimpleAppMain
2024-05-17 19:03:42,621 | INFO  | Starting Job Scheduler Store | org.apache.activemq.broker.BrokerService | WrapperSimpleAppMain
2024-05-17 19:03:42,621 | INFO  | Persistence Adapter successfully started | org.apache.activemq.broker.BrokerService | WrapperSimpleAppMain
2024-05-17 19:03:42,769 | INFO  | Apache ActiveMQ 5.18.4 (localhost, ID:LAPTOP-4UUFSJVI-62321-1715965422634-0:1) is starting | org.apache.activemq.broker.BrokerService | WrapperSimpleAppMain
2024-05-17 19:03:42,829 | INFO  | Listening for connections at: tcp://LAPTOP-4UUFSJVI:61616?maximumConnections=1000&wireFormat.maxFrameSize=104857600 | org.apache.activemq.transport.TransportServerThreadSupport | WrapperSimpleAppMain
2024-05-17 19:03:42,830 | INFO  | Connector openwire started | org.apache.activemq.broker.TransportConnector | WrapperSimpleAppMain
2024-05-17 19:03:42,834 | INFO  | Listening for connections at: amqp://LAPTOP-4UUFSJVI:5672?maximumConnections=1000&wireFormat.maxFrameSize=104857600 | org.apache.activemq.transport.TransportServerThreadSupport | WrapperSimpleAppMain
2024-05-17 19:03:42,835 | INFO  | Connector amqp started | org.apache.activemq.broker.TransportConnector | WrapperSimpleAppMain
2024-05-17 19:03:42,839 | INFO  | Listening for connections at: stomp://LAPTOP-4UUFSJVI:61613?maximumConnections=1000&wireFormat.maxFrameSize=104857600 | org.apache.activemq.transport.TransportServerThreadSupport | WrapperSimpleAppMain
2024-05-17 19:03:42,839 | INFO  | Connector stomp started | org.apache.activemq.broker.TransportConnector | WrapperSimpleAppMain
2024-05-17 19:03:42,842 | INFO  | Listening for connections at: mqtt://LAPTOP-4UUFSJVI:1883?maximumConnections=1000&wireFormat.maxFrameSize=104857600 | org.apache.activemq.transport.TransportServerThreadSupport | WrapperSimpleAppMain
2024-05-17 19:03:42,843 | INFO  | Connector mqtt started | org.apache.activemq.broker.TransportConnector | WrapperSimpleAppMain
2024-05-17 19:03:42,848 | INFO  | Starting Jetty server | org.apache.activemq.transport.WebTransportServerSupport | WrapperSimpleAppMain
2024-05-17 19:03:42,889 | INFO  | Creating Jetty connector | org.apache.activemq.transport.WebTransportServerSupport | WrapperSimpleAppMain
2024-05-17 19:03:42,943 | WARN  | ServletContext@o.e.j.s.ServletContextHandler@c5cf556{/,null,STARTING} has uncovered http methods for path: / | org.eclipse.jetty.security.SecurityHandler | WrapperSimpleAppMain
2024-05-17 19:03:43,016 | INFO  | Listening for connections at ws://LAPTOP-4UUFSJVI:61614?maximumConnections=1000&wireFormat.maxFrameSize=104857600 | org.apache.activemq.transport.ws.WSTransportServer | WrapperSimpleAppMain
2024-05-17 19:03:43,016 | INFO  | Connector ws started | org.apache.activemq.broker.TransportConnector | WrapperSimpleAppMain
2024-05-17 19:03:43,016 | INFO  | Apache ActiveMQ 5.18.4 (localhost, ID:LAPTOP-4UUFSJVI-62321-1715965422634-0:1) started | org.apache.activemq.broker.BrokerService | WrapperSimpleAppMain
2024-05-17 19:03:43,016 | INFO  | For help or more information please see: http://activemq.apache.org | org.apache.activemq.broker.BrokerService | WrapperSimpleAppMain
2024-05-17 19:03:43,655 | INFO  | ActiveMQ WebConsole available at http://127.0.0.1:8161/ | org.apache.activemq.web.WebConsoleStarter | WrapperSimpleAppMain
2024-05-17 19:03:43,655 | INFO  | ActiveMQ Jolokia REST API available at http://127.0.0.1:8161/api/jolokia/ | org.apache.activemq.web.WebConsoleStarter | WrapperSimpleAppMain
2024-05-17 20:43:35,102 | INFO  | Using Persistence Adapter: KahaDBPersistenceAdapter[C:\Users\deser\Downloads\apache-activemq-5.18.4\bin\win32\..\..\data\kahadb] | org.apache.activemq.broker.BrokerService | WrapperSimpleAppMain
2024-05-17 20:43:35,109 | INFO  | Starting Persistence Adapter: KahaDBPersistenceAdapter[C:\Users\deser\Downloads\apache-activemq-5.18.4\bin\win32\..\..\data\kahadb] | org.apache.activemq.broker.BrokerService | WrapperSimpleAppMain
2024-05-17 20:43:35,127 | INFO  | Starting KahaDBStore | org.apache.activemq.store.kahadb.KahaDBStore | WrapperSimpleAppMain
2024-05-17 20:43:35,127 | INFO  | Opening MessageDatabase | org.apache.activemq.store.kahadb.MessageDatabase | WrapperSimpleAppMain
2024-05-17 20:43:35,167 | INFO  | Page File: ..\..\data\kahadb\db.data. Recovering pageFile free list due to prior unclean shutdown.. | org.apache.activemq.store.kahadb.disk.page.PageFile | KahaDB Index Free Page Recovery
2024-05-17 20:43:35,171 | INFO  | KahaDB is version 7 | org.apache.activemq.store.kahadb.MessageDatabase | WrapperSimpleAppMain
2024-05-17 20:43:35,171 | INFO  | Page File: ..\..\data\kahadb\db.data. Recovered pageFile free list of size: 12 | org.apache.activemq.store.kahadb.disk.page.PageFile | KahaDB Index Free Page Recovery
2024-05-17 20:43:35,286 | INFO  | Starting Temp Data Store | org.apache.activemq.broker.BrokerService | WrapperSimpleAppMain
2024-05-17 20:43:35,286 | INFO  | PListStore:[C:\Users\deser\Downloads\apache-activemq-5.18.4\bin\win32\..\..\data\localhost\tmp_storage] started | org.apache.activemq.store.kahadb.plist.PListStoreImpl | WrapperSimpleAppMain
2024-05-17 20:43:35,286 | INFO  | Starting Job Scheduler Store | org.apache.activemq.broker.BrokerService | WrapperSimpleAppMain
2024-05-17 20:43:35,286 | INFO  | Persistence Adapter successfully started | org.apache.activemq.broker.BrokerService | WrapperSimpleAppMain
2024-05-17 20:43:35,426 | INFO  | Apache ActiveMQ 5.18.4 (localhost, ID:LAPTOP-4UUFSJVI-57434-1715971415295-0:1) is starting | org.apache.activemq.broker.BrokerService | WrapperSimpleAppMain
2024-05-17 20:43:35,477 | INFO  | Listening for connections at: tcp://LAPTOP-4UUFSJVI:61616?maximumConnections=1000&wireFormat.maxFrameSize=104857600 | org.apache.activemq.transport.TransportServerThreadSupport | WrapperSimpleAppMain
2024-05-17 20:43:35,477 | INFO  | Connector openwire started | org.apache.activemq.broker.TransportConnector | WrapperSimpleAppMain
2024-05-17 20:43:35,481 | INFO  | Listening for connections at: amqp://LAPTOP-4UUFSJVI:5672?maximumConnections=1000&wireFormat.maxFrameSize=104857600 | org.apache.activemq.transport.TransportServerThreadSupport | WrapperSimpleAppMain
2024-05-17 20:43:35,481 | INFO  | Connector amqp started | org.apache.activemq.broker.TransportConnector | WrapperSimpleAppMain
2024-05-17 20:43:35,483 | INFO  | Listening for connections at: stomp://LAPTOP-4UUFSJVI:61613?maximumConnections=1000&wireFormat.maxFrameSize=104857600 | org.apache.activemq.transport.TransportServerThreadSupport | WrapperSimpleAppMain
2024-05-17 20:43:35,484 | INFO  | Connector stomp started | org.apache.activemq.broker.TransportConnector | WrapperSimpleAppMain
2024-05-17 20:43:35,488 | INFO  | Listening for connections at: mqtt://LAPTOP-4UUFSJVI:1883?maximumConnections=1000&wireFormat.maxFrameSize=104857600 | org.apache.activemq.transport.TransportServerThreadSupport | WrapperSimpleAppMain
2024-05-17 20:43:35,488 | INFO  | Connector mqtt started | org.apache.activemq.broker.TransportConnector | WrapperSimpleAppMain
2024-05-17 20:43:35,492 | INFO  | Starting Jetty server | org.apache.activemq.transport.WebTransportServerSupport | WrapperSimpleAppMain
2024-05-17 20:43:35,521 | INFO  | Creating Jetty connector | org.apache.activemq.transport.WebTransportServerSupport | WrapperSimpleAppMain
2024-05-17 20:43:35,559 | WARN  | ServletContext@o.e.j.s.ServletContextHandler@3bc071b9{/,null,STARTING} has uncovered http methods for path: / | org.eclipse.jetty.security.SecurityHandler | WrapperSimpleAppMain
2024-05-17 20:43:35,607 | INFO  | Listening for connections at ws://LAPTOP-4UUFSJVI:61614?maximumConnections=1000&wireFormat.maxFrameSize=104857600 | org.apache.activemq.transport.ws.WSTransportServer | WrapperSimpleAppMain
2024-05-17 20:43:35,607 | INFO  | Connector ws started | org.apache.activemq.broker.TransportConnector | WrapperSimpleAppMain
2024-05-17 20:43:35,607 | INFO  | Apache ActiveMQ 5.18.4 (localhost, ID:LAPTOP-4UUFSJVI-57434-1715971415295-0:1) started | org.apache.activemq.broker.BrokerService | WrapperSimpleAppMain
2024-05-17 20:43:35,607 | INFO  | For help or more information please see: http://activemq.apache.org | org.apache.activemq.broker.BrokerService | WrapperSimpleAppMain
2024-05-17 20:43:36,101 | INFO  | ActiveMQ WebConsole available at http://127.0.0.1:8161/ | org.apache.activemq.web.WebConsoleStarter | WrapperSimpleAppMain
2024-05-17 20:43:36,101 | INFO  | ActiveMQ Jolokia REST API available at http://127.0.0.1:8161/api/jolokia/ | org.apache.activemq.web.WebConsoleStarter | WrapperSimpleAppMain
2024-05-19 13:31:13,873 | INFO  | Using Persistence Adapter: KahaDBPersistenceAdapter[C:\Users\deser\Downloads\apache-activemq-5.18.4\bin\win32\..\..\data\kahadb] | org.apache.activemq.broker.BrokerService | WrapperSimpleAppMain
2024-05-19 13:31:13,883 | INFO  | Starting Persistence Adapter: KahaDBPersistenceAdapter[C:\Users\deser\Downloads\apache-activemq-5.18.4\bin\win32\..\..\data\kahadb] | org.apache.activemq.broker.BrokerService | WrapperSimpleAppMain
2024-05-19 13:31:13,911 | INFO  | Starting KahaDBStore | org.apache.activemq.store.kahadb.KahaDBStore | WrapperSimpleAppMain
2024-05-19 13:31:13,911 | INFO  | Opening MessageDatabase | org.apache.activemq.store.kahadb.MessageDatabase | WrapperSimpleAppMain
2024-05-19 13:31:13,970 | INFO  | Page File: ..\..\data\kahadb\db.data. Recovering pageFile free list due to prior unclean shutdown.. | org.apache.activemq.store.kahadb.disk.page.PageFile | KahaDB Index Free Page Recovery
2024-05-19 13:31:13,976 | INFO  | Page File: ..\..\data\kahadb\db.data. Recovered pageFile free list of size: 12 | org.apache.activemq.store.kahadb.disk.page.PageFile | KahaDB Index Free Page Recovery
2024-05-19 13:31:13,976 | INFO  | KahaDB is version 7 | org.apache.activemq.store.kahadb.MessageDatabase | WrapperSimpleAppMain
2024-05-19 13:31:14,143 | INFO  | Starting Temp Data Store | org.apache.activemq.broker.BrokerService | WrapperSimpleAppMain
2024-05-19 13:31:14,144 | INFO  | PListStore:[C:\Users\deser\Downloads\apache-activemq-5.18.4\bin\win32\..\..\data\localhost\tmp_storage] started | org.apache.activemq.store.kahadb.plist.PListStoreImpl | WrapperSimpleAppMain
2024-05-19 13:31:14,144 | INFO  | Starting Job Scheduler Store | org.apache.activemq.broker.BrokerService | WrapperSimpleAppMain
2024-05-19 13:31:14,144 | INFO  | Persistence Adapter successfully started | org.apache.activemq.broker.BrokerService | WrapperSimpleAppMain
2024-05-19 13:31:14,293 | INFO  | Apache ActiveMQ 5.18.4 (localhost, ID:LAPTOP-4UUFSJVI-60001-1716118274156-0:1) is starting | org.apache.activemq.broker.BrokerService | WrapperSimpleAppMain
2024-05-19 13:31:14,359 | INFO  | Listening for connections at: tcp://LAPTOP-4UUFSJVI:61616?maximumConnections=1000&wireFormat.maxFrameSize=104857600 | org.apache.activemq.transport.TransportServerThreadSupport | WrapperSimpleAppMain
2024-05-19 13:31:14,360 | INFO  | Connector openwire started | org.apache.activemq.broker.TransportConnector | WrapperSimpleAppMain
2024-05-19 13:31:14,364 | INFO  | Listening for connections at: amqp://LAPTOP-4UUFSJVI:5672?maximumConnections=1000&wireFormat.maxFrameSize=104857600 | org.apache.activemq.transport.TransportServerThreadSupport | WrapperSimpleAppMain
2024-05-19 13:31:14,365 | INFO  | Connector amqp started | org.apache.activemq.broker.TransportConnector | WrapperSimpleAppMain
2024-05-19 13:31:14,369 | INFO  | Listening for connections at: stomp://LAPTOP-4UUFSJVI:61613?maximumConnections=1000&wireFormat.maxFrameSize=104857600 | org.apache.activemq.transport.TransportServerThreadSupport | WrapperSimpleAppMain
2024-05-19 13:31:14,370 | INFO  | Connector stomp started | org.apache.activemq.broker.TransportConnector | WrapperSimpleAppMain
2024-05-19 13:31:14,374 | INFO  | Listening for connections at: mqtt://LAPTOP-4UUFSJVI:1883?maximumConnections=1000&wireFormat.maxFrameSize=104857600 | org.apache.activemq.transport.TransportServerThreadSupport | WrapperSimpleAppMain
2024-05-19 13:31:14,375 | INFO  | Connector mqtt started | org.apache.activemq.broker.TransportConnector | WrapperSimpleAppMain
2024-05-19 13:31:14,381 | INFO  | Starting Jetty server | org.apache.activemq.transport.WebTransportServerSupport | WrapperSimpleAppMain
2024-05-19 13:31:14,433 | INFO  | Creating Jetty connector | org.apache.activemq.transport.WebTransportServerSupport | WrapperSimpleAppMain
2024-05-19 13:31:14,491 | WARN  | ServletContext@o.e.j.s.ServletContextHandler@50525328{/,null,STARTING} has uncovered http methods for path: / | org.eclipse.jetty.security.SecurityHandler | WrapperSimpleAppMain
2024-05-19 13:31:14,573 | INFO  | Listening for connections at ws://LAPTOP-4UUFSJVI:61614?maximumConnections=1000&wireFormat.maxFrameSize=104857600 | org.apache.activemq.transport.ws.WSTransportServer | WrapperSimpleAppMain
2024-05-19 13:31:14,573 | INFO  | Connector ws started | org.apache.activemq.broker.TransportConnector | WrapperSimpleAppMain
2024-05-19 13:31:14,573 | INFO  | Apache ActiveMQ 5.18.4 (localhost, ID:LAPTOP-4UUFSJVI-60001-1716118274156-0:1) started | org.apache.activemq.broker.BrokerService | WrapperSimpleAppMain
2024-05-19 13:31:14,573 | INFO  | For help or more information please see: http://activemq.apache.org | org.apache.activemq.broker.BrokerService | WrapperSimpleAppMain
2024-05-19 13:31:15,221 | INFO  | ActiveMQ WebConsole available at http://127.0.0.1:8161/ | org.apache.activemq.web.WebConsoleStarter | WrapperSimpleAppMain
2024-05-19 13:31:15,221 | INFO  | ActiveMQ Jolokia REST API available at http://127.0.0.1:8161/api/jolokia/ | org.apache.activemq.web.WebConsoleStarter | WrapperSimpleAppMain
2024-05-19 14:24:00,462 | INFO  | Using Persistence Adapter: KahaDBPersistenceAdapter[C:\Users\deser\Downloads\apache-activemq-5.18.4\bin\win32\..\..\data\kahadb] | org.apache.activemq.broker.BrokerService | WrapperSimpleAppMain
2024-05-19 14:24:00,468 | INFO  | Starting Persistence Adapter: KahaDBPersistenceAdapter[C:\Users\deser\Downloads\apache-activemq-5.18.4\bin\win32\..\..\data\kahadb] | org.apache.activemq.broker.BrokerService | WrapperSimpleAppMain
2024-05-19 14:24:00,487 | INFO  | Starting KahaDBStore | org.apache.activemq.store.kahadb.KahaDBStore | WrapperSimpleAppMain
2024-05-19 14:24:00,487 | INFO  | Opening MessageDatabase | org.apache.activemq.store.kahadb.MessageDatabase | WrapperSimpleAppMain
2024-05-19 14:24:00,532 | INFO  | Page File: ..\..\data\kahadb\db.data. Recovering pageFile free list due to prior unclean shutdown.. | org.apache.activemq.store.kahadb.disk.page.PageFile | KahaDB Index Free Page Recovery
2024-05-19 14:24:00,538 | INFO  | Page File: ..\..\data\kahadb\db.data. Recovered pageFile free list of size: 12 | org.apache.activemq.store.kahadb.disk.page.PageFile | KahaDB Index Free Page Recovery
2024-05-19 14:24:00,538 | INFO  | KahaDB is version 7 | org.apache.activemq.store.kahadb.MessageDatabase | WrapperSimpleAppMain
2024-05-19 14:24:00,656 | INFO  | Starting Temp Data Store | org.apache.activemq.broker.BrokerService | WrapperSimpleAppMain
2024-05-19 14:24:00,657 | INFO  | PListStore:[C:\Users\deser\Downloads\apache-activemq-5.18.4\bin\win32\..\..\data\localhost\tmp_storage] started | org.apache.activemq.store.kahadb.plist.PListStoreImpl | WrapperSimpleAppMain
2024-05-19 14:24:00,657 | INFO  | Starting Job Scheduler Store | org.apache.activemq.broker.BrokerService | WrapperSimpleAppMain
2024-05-19 14:24:00,658 | INFO  | Persistence Adapter successfully started | org.apache.activemq.broker.BrokerService | WrapperSimpleAppMain
2024-05-19 14:24:00,806 | INFO  | Apache ActiveMQ 5.18.4 (localhost, ID:LAPTOP-4UUFSJVI-57486-1716121440668-0:1) is starting | org.apache.activemq.broker.BrokerService | WrapperSimpleAppMain
2024-05-19 14:24:00,867 | INFO  | Listening for connections at: tcp://LAPTOP-4UUFSJVI:61616?maximumConnections=1000&wireFormat.maxFrameSize=104857600 | org.apache.activemq.transport.TransportServerThreadSupport | WrapperSimpleAppMain
2024-05-19 14:24:00,867 | INFO  | Connector openwire started | org.apache.activemq.broker.TransportConnector | WrapperSimpleAppMain
2024-05-19 14:24:00,870 | INFO  | Listening for connections at: amqp://LAPTOP-4UUFSJVI:5672?maximumConnections=1000&wireFormat.maxFrameSize=104857600 | org.apache.activemq.transport.TransportServerThreadSupport | WrapperSimpleAppMain
2024-05-19 14:24:00,870 | INFO  | Connector amqp started | org.apache.activemq.broker.TransportConnector | WrapperSimpleAppMain
2024-05-19 14:24:00,873 | INFO  | Listening for connections at: stomp://LAPTOP-4UUFSJVI:61613?maximumConnections=1000&wireFormat.maxFrameSize=104857600 | org.apache.activemq.transport.TransportServerThreadSupport | WrapperSimpleAppMain
2024-05-19 14:24:00,873 | INFO  | Connector stomp started | org.apache.activemq.broker.TransportConnector | WrapperSimpleAppMain
2024-05-19 14:24:00,876 | INFO  | Listening for connections at: mqtt://LAPTOP-4UUFSJVI:1883?maximumConnections=1000&wireFormat.maxFrameSize=104857600 | org.apache.activemq.transport.TransportServerThreadSupport | WrapperSimpleAppMain
2024-05-19 14:24:00,876 | INFO  | Connector mqtt started | org.apache.activemq.broker.TransportConnector | WrapperSimpleAppMain
2024-05-19 14:24:00,880 | INFO  | Starting Jetty server | org.apache.activemq.transport.WebTransportServerSupport | WrapperSimpleAppMain
2024-05-19 14:24:00,914 | INFO  | Creating Jetty connector | org.apache.activemq.transport.WebTransportServerSupport | WrapperSimpleAppMain
2024-05-19 14:24:00,963 | WARN  | ServletContext@o.e.j.s.ServletContextHandler@3bc071b9{/,null,STARTING} has uncovered http methods for path: / | org.eclipse.jetty.security.SecurityHandler | WrapperSimpleAppMain
2024-05-19 14:24:01,018 | INFO  | Listening for connections at ws://LAPTOP-4UUFSJVI:61614?maximumConnections=1000&wireFormat.maxFrameSize=104857600 | org.apache.activemq.transport.ws.WSTransportServer | WrapperSimpleAppMain
2024-05-19 14:24:01,018 | INFO  | Connector ws started | org.apache.activemq.broker.TransportConnector | WrapperSimpleAppMain
2024-05-19 14:24:01,018 | INFO  | Apache ActiveMQ 5.18.4 (localhost, ID:LAPTOP-4UUFSJVI-57486-1716121440668-0:1) started | org.apache.activemq.broker.BrokerService | WrapperSimpleAppMain
2024-05-19 14:24:01,018 | INFO  | For help or more information please see: http://activemq.apache.org | org.apache.activemq.broker.BrokerService | WrapperSimpleAppMain
2024-05-19 14:24:01,541 | INFO  | ActiveMQ WebConsole available at http://127.0.0.1:8161/ | org.apache.activemq.web.WebConsoleStarter | WrapperSimpleAppMain
2024-05-19 14:24:01,541 | INFO  | ActiveMQ Jolokia REST API available at http://127.0.0.1:8161/api/jolokia/ | org.apache.activemq.web.WebConsoleStarter | WrapperSimpleAppMain
2024-05-29 17:17:32,624 | INFO  | Using Persistence Adapter: KahaDBPersistenceAdapter[C:\Users\deser\Downloads\apache-activemq-5.18.4\bin\win32\..\..\data\kahadb] | org.apache.activemq.broker.BrokerService | WrapperSimpleAppMain
2024-05-29 17:17:32,634 | INFO  | Starting Persistence Adapter: KahaDBPersistenceAdapter[C:\Users\deser\Downloads\apache-activemq-5.18.4\bin\win32\..\..\data\kahadb] | org.apache.activemq.broker.BrokerService | WrapperSimpleAppMain
2024-05-29 17:17:32,657 | INFO  | Starting KahaDBStore | org.apache.activemq.store.kahadb.KahaDBStore | WrapperSimpleAppMain
2024-05-29 17:17:32,658 | INFO  | Opening MessageDatabase | org.apache.activemq.store.kahadb.MessageDatabase | WrapperSimpleAppMain
2024-05-29 17:17:32,711 | INFO  | Page File: ..\..\data\kahadb\db.data. Recovering pageFile free list due to prior unclean shutdown.. | org.apache.activemq.store.kahadb.disk.page.PageFile | KahaDB Index Free Page Recovery
2024-05-29 17:17:32,716 | INFO  | KahaDB is version 7 | org.apache.activemq.store.kahadb.MessageDatabase | WrapperSimpleAppMain
2024-05-29 17:17:32,717 | INFO  | Page File: ..\..\data\kahadb\db.data. Recovered pageFile free list of size: 12 | org.apache.activemq.store.kahadb.disk.page.PageFile | KahaDB Index Free Page Recovery
2024-05-29 17:17:32,848 | INFO  | Starting Temp Data Store | org.apache.activemq.broker.BrokerService | WrapperSimpleAppMain
2024-05-29 17:17:32,848 | INFO  | PListStore:[C:\Users\deser\Downloads\apache-activemq-5.18.4\bin\win32\..\..\data\localhost\tmp_storage] started | org.apache.activemq.store.kahadb.plist.PListStoreImpl | WrapperSimpleAppMain
2024-05-29 17:17:32,848 | INFO  | Starting Job Scheduler Store | org.apache.activemq.broker.BrokerService | WrapperSimpleAppMain
2024-05-29 17:17:32,849 | INFO  | Persistence Adapter successfully started | org.apache.activemq.broker.BrokerService | WrapperSimpleAppMain
2024-05-29 17:17:32,988 | INFO  | Apache ActiveMQ 5.18.4 (localhost, ID:LAPTOP-4UUFSJVI-57526-1716995852857-0:1) is starting | org.apache.activemq.broker.BrokerService | WrapperSimpleAppMain
2024-05-29 17:17:33,045 | INFO  | Listening for connections at: tcp://LAPTOP-4UUFSJVI:61616?maximumConnections=1000&wireFormat.maxFrameSize=104857600 | org.apache.activemq.transport.TransportServerThreadSupport | WrapperSimpleAppMain
2024-05-29 17:17:33,046 | INFO  | Connector openwire started | org.apache.activemq.broker.TransportConnector | WrapperSimpleAppMain
2024-05-29 17:17:33,049 | INFO  | Listening for connections at: amqp://LAPTOP-4UUFSJVI:5672?maximumConnections=1000&wireFormat.maxFrameSize=104857600 | org.apache.activemq.transport.TransportServerThreadSupport | WrapperSimpleAppMain
2024-05-29 17:17:33,049 | INFO  | Connector amqp started | org.apache.activemq.broker.TransportConnector | WrapperSimpleAppMain
2024-05-29 17:17:33,052 | INFO  | Listening for connections at: stomp://LAPTOP-4UUFSJVI:61613?maximumConnections=1000&wireFormat.maxFrameSize=104857600 | org.apache.activemq.transport.TransportServerThreadSupport | WrapperSimpleAppMain
2024-05-29 17:17:33,052 | INFO  | Connector stomp started | org.apache.activemq.broker.TransportConnector | WrapperSimpleAppMain
2024-05-29 17:17:33,056 | INFO  | Listening for connections at: mqtt://LAPTOP-4UUFSJVI:1883?maximumConnections=1000&wireFormat.maxFrameSize=104857600 | org.apache.activemq.transport.TransportServerThreadSupport | WrapperSimpleAppMain
2024-05-29 17:17:33,056 | INFO  | Connector mqtt started | org.apache.activemq.broker.TransportConnector | WrapperSimpleAppMain
2024-05-29 17:17:33,060 | INFO  | Starting Jetty server | org.apache.activemq.transport.WebTransportServerSupport | WrapperSimpleAppMain
2024-05-29 17:17:33,096 | INFO  | Creating Jetty connector | org.apache.activemq.transport.WebTransportServerSupport | WrapperSimpleAppMain
2024-05-29 17:17:33,140 | WARN  | ServletContext@o.e.j.s.ServletContextHandler@1e505abb{/,null,STARTING} has uncovered http methods for path: / | org.eclipse.jetty.security.SecurityHandler | WrapperSimpleAppMain
2024-05-29 17:17:33,198 | INFO  | Listening for connections at ws://LAPTOP-4UUFSJVI:61614?maximumConnections=1000&wireFormat.maxFrameSize=104857600 | org.apache.activemq.transport.ws.WSTransportServer | WrapperSimpleAppMain
2024-05-29 17:17:33,199 | INFO  | Connector ws started | org.apache.activemq.broker.TransportConnector | WrapperSimpleAppMain
2024-05-29 17:17:33,199 | INFO  | Apache ActiveMQ 5.18.4 (localhost, ID:LAPTOP-4UUFSJVI-57526-1716995852857-0:1) started | org.apache.activemq.broker.BrokerService | WrapperSimpleAppMain
2024-05-29 17:17:33,199 | INFO  | For help or more information please see: http://activemq.apache.org | org.apache.activemq.broker.BrokerService | WrapperSimpleAppMain
2024-05-29 17:17:33,765 | INFO  | ActiveMQ WebConsole available at http://127.0.0.1:8161/ | org.apache.activemq.web.WebConsoleStarter | WrapperSimpleAppMain
2024-05-29 17:17:33,765 | INFO  | ActiveMQ Jolokia REST API available at http://127.0.0.1:8161/api/jolokia/ | org.apache.activemq.web.WebConsoleStarter | WrapperSimpleAppMain
2024-06-01 12:49:30,323 | INFO  | Using Persistence Adapter: KahaDBPersistenceAdapter[C:\Users\deser\Downloads\apache-activemq-5.18.4\bin\win32\..\..\data\kahadb] | org.apache.activemq.broker.BrokerService | WrapperSimpleAppMain
2024-06-01 12:49:30,329 | INFO  | Starting Persistence Adapter: KahaDBPersistenceAdapter[C:\Users\deser\Downloads\apache-activemq-5.18.4\bin\win32\..\..\data\kahadb] | org.apache.activemq.broker.BrokerService | WrapperSimpleAppMain
2024-06-01 12:49:30,352 | INFO  | Starting KahaDBStore | org.apache.activemq.store.kahadb.KahaDBStore | WrapperSimpleAppMain
2024-06-01 12:49:30,352 | INFO  | Opening MessageDatabase | org.apache.activemq.store.kahadb.MessageDatabase | WrapperSimpleAppMain
2024-06-01 12:49:30,402 | INFO  | Page File: ..\..\data\kahadb\db.data. Recovering pageFile free list due to prior unclean shutdown.. | org.apache.activemq.store.kahadb.disk.page.PageFile | KahaDB Index Free Page Recovery
2024-06-01 12:49:30,406 | INFO  | KahaDB is version 7 | org.apache.activemq.store.kahadb.MessageDatabase | WrapperSimpleAppMain
2024-06-01 12:49:30,407 | INFO  | Page File: ..\..\data\kahadb\db.data. Recovered pageFile free list of size: 12 | org.apache.activemq.store.kahadb.disk.page.PageFile | KahaDB Index Free Page Recovery
2024-06-01 12:49:30,535 | INFO  | Starting Temp Data Store | org.apache.activemq.broker.BrokerService | WrapperSimpleAppMain
2024-06-01 12:49:30,536 | INFO  | PListStore:[C:\Users\deser\Downloads\apache-activemq-5.18.4\bin\win32\..\..\data\localhost\tmp_storage] started | org.apache.activemq.store.kahadb.plist.PListStoreImpl | WrapperSimpleAppMain
2024-06-01 12:49:30,536 | INFO  | Starting Job Scheduler Store | org.apache.activemq.broker.BrokerService | WrapperSimpleAppMain
2024-06-01 12:49:30,536 | INFO  | Persistence Adapter successfully started | org.apache.activemq.broker.BrokerService | WrapperSimpleAppMain
2024-06-01 12:49:30,680 | INFO  | Apache ActiveMQ 5.18.4 (localhost, ID:LAPTOP-4UUFSJVI-59700-1717238970544-0:1) is starting | org.apache.activemq.broker.BrokerService | WrapperSimpleAppMain
2024-06-01 12:49:30,737 | INFO  | Listening for connections at: tcp://LAPTOP-4UUFSJVI:61616?maximumConnections=1000&wireFormat.maxFrameSize=104857600 | org.apache.activemq.transport.TransportServerThreadSupport | WrapperSimpleAppMain
2024-06-01 12:49:30,739 | INFO  | Connector openwire started | org.apache.activemq.broker.TransportConnector | WrapperSimpleAppMain
2024-06-01 12:49:30,741 | INFO  | Listening for connections at: amqp://LAPTOP-4UUFSJVI:5672?maximumConnections=1000&wireFormat.maxFrameSize=104857600 | org.apache.activemq.transport.TransportServerThreadSupport | WrapperSimpleAppMain
2024-06-01 12:49:30,742 | INFO  | Connector amqp started | org.apache.activemq.broker.TransportConnector | WrapperSimpleAppMain
2024-06-01 12:49:30,744 | INFO  | Listening for connections at: stomp://LAPTOP-4UUFSJVI:61613?maximumConnections=1000&wireFormat.maxFrameSize=104857600 | org.apache.activemq.transport.TransportServerThreadSupport | WrapperSimpleAppMain
2024-06-01 12:49:30,744 | INFO  | Connector stomp started | org.apache.activemq.broker.TransportConnector | WrapperSimpleAppMain
2024-06-01 12:49:30,748 | INFO  | Listening for connections at: mqtt://LAPTOP-4UUFSJVI:1883?maximumConnections=1000&wireFormat.maxFrameSize=104857600 | org.apache.activemq.transport.TransportServerThreadSupport | WrapperSimpleAppMain
2024-06-01 12:49:30,748 | INFO  | Connector mqtt started | org.apache.activemq.broker.TransportConnector | WrapperSimpleAppMain
2024-06-01 12:49:30,751 | INFO  | Starting Jetty server | org.apache.activemq.transport.WebTransportServerSupport | WrapperSimpleAppMain
2024-06-01 12:49:30,786 | INFO  | Creating Jetty connector | org.apache.activemq.transport.WebTransportServerSupport | WrapperSimpleAppMain
2024-06-01 12:49:30,827 | WARN  | ServletContext@o.e.j.s.ServletContextHandler@1e505abb{/,null,STARTING} has uncovered http methods for path: / | org.eclipse.jetty.security.SecurityHandler | WrapperSimpleAppMain
2024-06-01 12:49:30,883 | INFO  | Listening for connections at ws://LAPTOP-4UUFSJVI:61614?maximumConnections=1000&wireFormat.maxFrameSize=104857600 | org.apache.activemq.transport.ws.WSTransportServer | WrapperSimpleAppMain
2024-06-01 12:49:30,883 | INFO  | Connector ws started | org.apache.activemq.broker.TransportConnector | WrapperSimpleAppMain
2024-06-01 12:49:30,883 | INFO  | Apache ActiveMQ 5.18.4 (localhost, ID:LAPTOP-4UUFSJVI-59700-1717238970544-0:1) started | org.apache.activemq.broker.BrokerService | WrapperSimpleAppMain
2024-06-01 12:49:30,883 | INFO  | For help or more information please see: http://activemq.apache.org | org.apache.activemq.broker.BrokerService | WrapperSimpleAppMain
2024-06-01 12:49:31,435 | INFO  | ActiveMQ WebConsole available at http://127.0.0.1:8161/ | org.apache.activemq.web.WebConsoleStarter | WrapperSimpleAppMain
2024-06-01 12:49:31,435 | INFO  | ActiveMQ Jolokia REST API available at http://127.0.0.1:8161/api/jolokia/ | org.apache.activemq.web.WebConsoleStarter | WrapperSimpleAppMain
2024-06-01 13:05:47,528 | INFO  | Using Persistence Adapter: KahaDBPersistenceAdapter[C:\Users\deser\Downloads\apache-activemq-5.18.4\bin\win32\..\..\data\kahadb] | org.apache.activemq.broker.BrokerService | WrapperSimpleAppMain
2024-06-01 13:05:47,533 | INFO  | Starting Persistence Adapter: KahaDBPersistenceAdapter[C:\Users\deser\Downloads\apache-activemq-5.18.4\bin\win32\..\..\data\kahadb] | org.apache.activemq.broker.BrokerService | WrapperSimpleAppMain
2024-06-01 13:05:47,584 | INFO  | Starting KahaDBStore | org.apache.activemq.store.kahadb.KahaDBStore | WrapperSimpleAppMain
2024-06-01 13:05:47,584 | INFO  | Opening MessageDatabase | org.apache.activemq.store.kahadb.MessageDatabase | WrapperSimpleAppMain
2024-06-01 13:05:47,631 | INFO  | Page File: ..\..\data\kahadb\db.data. Recovering pageFile free list due to prior unclean shutdown.. | org.apache.activemq.store.kahadb.disk.page.PageFile | KahaDB Index Free Page Recovery
2024-06-01 13:05:47,636 | INFO  | KahaDB is version 7 | org.apache.activemq.store.kahadb.MessageDatabase | WrapperSimpleAppMain
2024-06-01 13:05:47,636 | INFO  | Page File: ..\..\data\kahadb\db.data. Recovered pageFile free list of size: 12 | org.apache.activemq.store.kahadb.disk.page.PageFile | KahaDB Index Free Page Recovery
2024-06-01 13:05:47,751 | INFO  | Starting Temp Data Store | org.apache.activemq.broker.BrokerService | WrapperSimpleAppMain
2024-06-01 13:05:47,752 | INFO  | PListStore:[C:\Users\deser\Downloads\apache-activemq-5.18.4\bin\win32\..\..\data\localhost\tmp_storage] started | org.apache.activemq.store.kahadb.plist.PListStoreImpl | WrapperSimpleAppMain
2024-06-01 13:05:47,752 | INFO  | Starting Job Scheduler Store | org.apache.activemq.broker.BrokerService | WrapperSimpleAppMain
2024-06-01 13:05:47,752 | INFO  | Persistence Adapter successfully started | org.apache.activemq.broker.BrokerService | WrapperSimpleAppMain
2024-06-01 13:05:47,894 | INFO  | Apache ActiveMQ 5.18.4 (localhost, ID:LAPTOP-4UUFSJVI-60000-1717239947759-0:1) is starting | org.apache.activemq.broker.BrokerService | WrapperSimpleAppMain
2024-06-01 13:05:47,947 | INFO  | Listening for connections at: tcp://LAPTOP-4UUFSJVI:61616?maximumConnections=1000&wireFormat.maxFrameSize=104857600 | org.apache.activemq.transport.TransportServerThreadSupport | WrapperSimpleAppMain
2024-06-01 13:05:47,947 | INFO  | Connector openwire started | org.apache.activemq.broker.TransportConnector | WrapperSimpleAppMain
2024-06-01 13:05:47,950 | INFO  | Listening for connections at: amqp://LAPTOP-4UUFSJVI:5672?maximumConnections=1000&wireFormat.maxFrameSize=104857600 | org.apache.activemq.transport.TransportServerThreadSupport | WrapperSimpleAppMain
2024-06-01 13:05:47,951 | INFO  | Connector amqp started | org.apache.activemq.broker.TransportConnector | WrapperSimpleAppMain
2024-06-01 13:05:47,954 | INFO  | Listening for connections at: stomp://LAPTOP-4UUFSJVI:61613?maximumConnections=1000&wireFormat.maxFrameSize=104857600 | org.apache.activemq.transport.TransportServerThreadSupport | WrapperSimpleAppMain
2024-06-01 13:05:47,954 | INFO  | Connector stomp started | org.apache.activemq.broker.TransportConnector | WrapperSimpleAppMain
2024-06-01 13:05:47,957 | INFO  | Listening for connections at: mqtt://LAPTOP-4UUFSJVI:1883?maximumConnections=1000&wireFormat.maxFrameSize=104857600 | org.apache.activemq.transport.TransportServerThreadSupport | WrapperSimpleAppMain
2024-06-01 13:05:47,958 | INFO  | Connector mqtt started | org.apache.activemq.broker.TransportConnector | WrapperSimpleAppMain
2024-06-01 13:05:47,961 | INFO  | Starting Jetty server | org.apache.activemq.transport.WebTransportServerSupport | WrapperSimpleAppMain
2024-06-01 13:05:47,995 | INFO  | Creating Jetty connector | org.apache.activemq.transport.WebTransportServerSupport | WrapperSimpleAppMain
2024-06-01 13:05:48,036 | WARN  | ServletContext@o.e.j.s.ServletContextHandler@3bc071b9{/,null,STARTING} has uncovered http methods for path: / | org.eclipse.jetty.security.SecurityHandler | WrapperSimpleAppMain
2024-06-01 13:05:48,085 | INFO  | Listening for connections at ws://LAPTOP-4UUFSJVI:61614?maximumConnections=1000&wireFormat.maxFrameSize=104857600 | org.apache.activemq.transport.ws.WSTransportServer | WrapperSimpleAppMain
2024-06-01 13:05:48,087 | INFO  | Connector ws started | org.apache.activemq.broker.TransportConnector | WrapperSimpleAppMain
2024-06-01 13:05:48,087 | INFO  | Apache ActiveMQ 5.18.4 (localhost, ID:LAPTOP-4UUFSJVI-60000-1717239947759-0:1) started | org.apache.activemq.broker.BrokerService | WrapperSimpleAppMain
2024-06-01 13:05:48,087 | INFO  | For help or more information please see: http://activemq.apache.org | org.apache.activemq.broker.BrokerService | WrapperSimpleAppMain
2024-06-01 13:05:48,590 | INFO  | ActiveMQ WebConsole available at http://127.0.0.1:8161/ | org.apache.activemq.web.WebConsoleStarter | WrapperSimpleAppMain
2024-06-01 13:05:48,590 | INFO  | ActiveMQ Jolokia REST API available at http://127.0.0.1:8161/api/jolokia/ | org.apache.activemq.web.WebConsoleStarter | WrapperSimpleAppMain
2024-06-28 18:10:37,560 | INFO  | Using Persistence Adapter: KahaDBPersistenceAdapter[C:\Users\deser\Downloads\apache-activemq-5.18.4\bin\win32\..\..\data\kahadb] | org.apache.activemq.broker.BrokerService | WrapperSimpleAppMain
2024-06-28 18:10:37,565 | INFO  | Starting Persistence Adapter: KahaDBPersistenceAdapter[C:\Users\deser\Downloads\apache-activemq-5.18.4\bin\win32\..\..\data\kahadb] | org.apache.activemq.broker.BrokerService | WrapperSimpleAppMain
2024-06-28 18:10:37,587 | INFO  | Starting KahaDBStore | org.apache.activemq.store.kahadb.KahaDBStore | WrapperSimpleAppMain
2024-06-28 18:10:37,589 | INFO  | Opening MessageDatabase | org.apache.activemq.store.kahadb.MessageDatabase | WrapperSimpleAppMain
2024-06-28 18:10:37,638 | INFO  | Page File: ..\..\data\kahadb\db.data. Recovering pageFile free list due to prior unclean shutdown.. | org.apache.activemq.store.kahadb.disk.page.PageFile | KahaDB Index Free Page Recovery
2024-06-28 18:10:37,644 | INFO  | KahaDB is version 7 | org.apache.activemq.store.kahadb.MessageDatabase | WrapperSimpleAppMain
2024-06-28 18:10:37,645 | INFO  | Page File: ..\..\data\kahadb\db.data. Recovered pageFile free list of size: 12 | org.apache.activemq.store.kahadb.disk.page.PageFile | KahaDB Index Free Page Recovery
2024-06-28 18:10:37,797 | INFO  | Starting Temp Data Store | org.apache.activemq.broker.BrokerService | WrapperSimpleAppMain
2024-06-28 18:10:37,798 | INFO  | PListStore:[C:\Users\deser\Downloads\apache-activemq-5.18.4\bin\win32\..\..\data\localhost\tmp_storage] started | org.apache.activemq.store.kahadb.plist.PListStoreImpl | WrapperSimpleAppMain
2024-06-28 18:10:37,798 | INFO  | Starting Job Scheduler Store | org.apache.activemq.broker.BrokerService | WrapperSimpleAppMain
2024-06-28 18:10:37,798 | INFO  | Persistence Adapter successfully started | org.apache.activemq.broker.BrokerService | WrapperSimpleAppMain
2024-06-28 18:10:37,944 | INFO  | Apache ActiveMQ 5.18.4 (localhost, ID:LAPTOP-4UUFSJVI-58022-1719591037809-0:1) is starting | org.apache.activemq.broker.BrokerService | WrapperSimpleAppMain
2024-06-28 18:10:37,998 | INFO  | Listening for connections at: tcp://LAPTOP-4UUFSJVI:61616?maximumConnections=1000&wireFormat.maxFrameSize=104857600 | org.apache.activemq.transport.TransportServerThreadSupport | WrapperSimpleAppMain
2024-06-28 18:10:37,999 | INFO  | Connector openwire started | org.apache.activemq.broker.TransportConnector | WrapperSimpleAppMain
2024-06-28 18:10:38,001 | INFO  | Listening for connections at: amqp://LAPTOP-4UUFSJVI:5672?maximumConnections=1000&wireFormat.maxFrameSize=104857600 | org.apache.activemq.transport.TransportServerThreadSupport | WrapperSimpleAppMain
2024-06-28 18:10:38,001 | INFO  | Connector amqp started | org.apache.activemq.broker.TransportConnector | WrapperSimpleAppMain
2024-06-28 18:10:38,005 | INFO  | Listening for connections at: stomp://LAPTOP-4UUFSJVI:61613?maximumConnections=1000&wireFormat.maxFrameSize=104857600 | org.apache.activemq.transport.TransportServerThreadSupport | WrapperSimpleAppMain
2024-06-28 18:10:38,005 | INFO  | Connector stomp started | org.apache.activemq.broker.TransportConnector | WrapperSimpleAppMain
2024-06-28 18:10:38,008 | INFO  | Listening for connections at: mqtt://LAPTOP-4UUFSJVI:1883?maximumConnections=1000&wireFormat.maxFrameSize=104857600 | org.apache.activemq.transport.TransportServerThreadSupport | WrapperSimpleAppMain
2024-06-28 18:10:38,008 | INFO  | Connector mqtt started | org.apache.activemq.broker.TransportConnector | WrapperSimpleAppMain
2024-06-28 18:10:38,012 | INFO  | Starting Jetty server | org.apache.activemq.transport.WebTransportServerSupport | WrapperSimpleAppMain
2024-06-28 18:10:38,053 | INFO  | Creating Jetty connector | org.apache.activemq.transport.WebTransportServerSupport | WrapperSimpleAppMain
2024-06-28 18:10:38,096 | WARN  | ServletContext@o.e.j.s.ServletContextHandler@16f535d4{/,null,STARTING} has uncovered http methods for path: / | org.eclipse.jetty.security.SecurityHandler | WrapperSimpleAppMain
2024-06-28 18:10:38,156 | INFO  | Listening for connections at ws://LAPTOP-4UUFSJVI:61614?maximumConnections=1000&wireFormat.maxFrameSize=104857600 | org.apache.activemq.transport.ws.WSTransportServer | WrapperSimpleAppMain
2024-06-28 18:10:38,156 | INFO  | Connector ws started | org.apache.activemq.broker.TransportConnector | WrapperSimpleAppMain
2024-06-28 18:10:38,156 | INFO  | Apache ActiveMQ 5.18.4 (localhost, ID:LAPTOP-4UUFSJVI-58022-1719591037809-0:1) started | org.apache.activemq.broker.BrokerService | WrapperSimpleAppMain
2024-06-28 18:10:38,156 | INFO  | For help or more information please see: http://activemq.apache.org | org.apache.activemq.broker.BrokerService | WrapperSimpleAppMain
2024-06-28 18:10:38,728 | INFO  | ActiveMQ WebConsole available at http://127.0.0.1:8161/ | org.apache.activemq.web.WebConsoleStarter | WrapperSimpleAppMain
2024-06-28 18:10:38,728 | INFO  | ActiveMQ Jolokia REST API available at http://127.0.0.1:8161/api/jolokia/ | org.apache.activemq.web.WebConsoleStarter | WrapperSimpleAppMain
2024-06-28 18:27:20,775 | INFO  | Using Persistence Adapter: KahaDBPersistenceAdapter[C:\Users\deser\Downloads\apache-activemq-5.18.4\bin\win32\..\..\data\kahadb] | org.apache.activemq.broker.BrokerService | WrapperSimpleAppMain
2024-06-28 18:27:20,780 | INFO  | Starting Persistence Adapter: KahaDBPersistenceAdapter[C:\Users\deser\Downloads\apache-activemq-5.18.4\bin\win32\..\..\data\kahadb] | org.apache.activemq.broker.BrokerService | WrapperSimpleAppMain
2024-06-28 18:27:20,833 | INFO  | Starting KahaDBStore | org.apache.activemq.store.kahadb.KahaDBStore | WrapperSimpleAppMain
2024-06-28 18:27:20,833 | INFO  | Opening MessageDatabase | org.apache.activemq.store.kahadb.MessageDatabase | WrapperSimpleAppMain
2024-06-28 18:27:20,882 | INFO  | Page File: ..\..\data\kahadb\db.data. Recovering pageFile free list due to prior unclean shutdown.. | org.apache.activemq.store.kahadb.disk.page.PageFile | KahaDB Index Free Page Recovery
2024-06-28 18:27:20,886 | INFO  | KahaDB is version 7 | org.apache.activemq.store.kahadb.MessageDatabase | WrapperSimpleAppMain
2024-06-28 18:27:20,887 | INFO  | Page File: ..\..\data\kahadb\db.data. Recovered pageFile free list of size: 12 | org.apache.activemq.store.kahadb.disk.page.PageFile | KahaDB Index Free Page Recovery
2024-06-28 18:27:20,997 | INFO  | Starting Temp Data Store | org.apache.activemq.broker.BrokerService | WrapperSimpleAppMain
2024-06-28 18:27:20,998 | INFO  | PListStore:[C:\Users\deser\Downloads\apache-activemq-5.18.4\bin\win32\..\..\data\localhost\tmp_storage] started | org.apache.activemq.store.kahadb.plist.PListStoreImpl | WrapperSimpleAppMain
2024-06-28 18:27:20,998 | INFO  | Starting Job Scheduler Store | org.apache.activemq.broker.BrokerService | WrapperSimpleAppMain
2024-06-28 18:27:20,998 | INFO  | Persistence Adapter successfully started | org.apache.activemq.broker.BrokerService | WrapperSimpleAppMain
2024-06-28 18:27:21,129 | INFO  | Apache ActiveMQ 5.18.4 (localhost, ID:LAPTOP-4UUFSJVI-56370-1719592041006-0:1) is starting | org.apache.activemq.broker.BrokerService | WrapperSimpleAppMain
2024-06-28 18:27:21,181 | INFO  | Listening for connections at: tcp://LAPTOP-4UUFSJVI:61616?maximumConnections=1000&wireFormat.maxFrameSize=104857600 | org.apache.activemq.transport.TransportServerThreadSupport | WrapperSimpleAppMain
2024-06-28 18:27:21,181 | INFO  | Connector openwire started | org.apache.activemq.broker.TransportConnector | WrapperSimpleAppMain
2024-06-28 18:27:21,184 | INFO  | Listening for connections at: amqp://LAPTOP-4UUFSJVI:5672?maximumConnections=1000&wireFormat.maxFrameSize=104857600 | org.apache.activemq.transport.TransportServerThreadSupport | WrapperSimpleAppMain
2024-06-28 18:27:21,184 | INFO  | Connector amqp started | org.apache.activemq.broker.TransportConnector | WrapperSimpleAppMain
2024-06-28 18:27:21,187 | INFO  | Listening for connections at: stomp://LAPTOP-4UUFSJVI:61613?maximumConnections=1000&wireFormat.maxFrameSize=104857600 | org.apache.activemq.transport.TransportServerThreadSupport | WrapperSimpleAppMain
2024-06-28 18:27:21,187 | INFO  | Connector stomp started | org.apache.activemq.broker.TransportConnector | WrapperSimpleAppMain
2024-06-28 18:27:21,191 | INFO  | Listening for connections at: mqtt://LAPTOP-4UUFSJVI:1883?maximumConnections=1000&wireFormat.maxFrameSize=104857600 | org.apache.activemq.transport.TransportServerThreadSupport | WrapperSimpleAppMain
2024-06-28 18:27:21,191 | INFO  | Connector mqtt started | org.apache.activemq.broker.TransportConnector | WrapperSimpleAppMain
2024-06-28 18:27:21,195 | INFO  | Starting Jetty server | org.apache.activemq.transport.WebTransportServerSupport | WrapperSimpleAppMain
2024-06-28 18:27:21,229 | INFO  | Creating Jetty connector | org.apache.activemq.transport.WebTransportServerSupport | WrapperSimpleAppMain
2024-06-28 18:27:21,266 | WARN  | ServletContext@o.e.j.s.ServletContextHandler@c5cf556{/,null,STARTING} has uncovered http methods for path: / | org.eclipse.jetty.security.SecurityHandler | WrapperSimpleAppMain
2024-06-28 18:27:21,318 | INFO  | Listening for connections at ws://LAPTOP-4UUFSJVI:61614?maximumConnections=1000&wireFormat.maxFrameSize=104857600 | org.apache.activemq.transport.ws.WSTransportServer | WrapperSimpleAppMain
2024-06-28 18:27:21,318 | INFO  | Connector ws started | org.apache.activemq.broker.TransportConnector | WrapperSimpleAppMain
2024-06-28 18:27:21,318 | INFO  | Apache ActiveMQ 5.18.4 (localhost, ID:LAPTOP-4UUFSJVI-56370-1719592041006-0:1) started | org.apache.activemq.broker.BrokerService | WrapperSimpleAppMain
2024-06-28 18:27:21,318 | INFO  | For help or more information please see: http://activemq.apache.org | org.apache.activemq.broker.BrokerService | WrapperSimpleAppMain
2024-06-28 18:27:21,803 | INFO  | ActiveMQ WebConsole available at http://127.0.0.1:8161/ | org.apache.activemq.web.WebConsoleStarter | WrapperSimpleAppMain
2024-06-28 18:27:21,803 | INFO  | ActiveMQ Jolokia REST API available at http://127.0.0.1:8161/api/jolokia/ | org.apache.activemq.web.WebConsoleStarter | WrapperSimpleAppMain
2024-07-01 16:11:55,062 | INFO  | Using Persistence Adapter: KahaDBPersistenceAdapter[C:\Users\deser\Downloads\apache-activemq-5.18.4\bin\win32\..\..\data\kahadb] | org.apache.activemq.broker.BrokerService | WrapperSimpleAppMain
2024-07-01 16:11:55,068 | INFO  | Starting Persistence Adapter: KahaDBPersistenceAdapter[C:\Users\deser\Downloads\apache-activemq-5.18.4\bin\win32\..\..\data\kahadb] | org.apache.activemq.broker.BrokerService | WrapperSimpleAppMain
2024-07-01 16:11:55,089 | INFO  | Starting KahaDBStore | org.apache.activemq.store.kahadb.KahaDBStore | WrapperSimpleAppMain
2024-07-01 16:11:55,090 | INFO  | Opening MessageDatabase | org.apache.activemq.store.kahadb.MessageDatabase | WrapperSimpleAppMain
2024-07-01 16:11:55,138 | INFO  | Page File: ..\..\data\kahadb\db.data. Recovering pageFile free list due to prior unclean shutdown.. | org.apache.activemq.store.kahadb.disk.page.PageFile | KahaDB Index Free Page Recovery
2024-07-01 16:11:55,143 | INFO  | KahaDB is version 7 | org.apache.activemq.store.kahadb.MessageDatabase | WrapperSimpleAppMain
2024-07-01 16:11:55,144 | INFO  | Page File: ..\..\data\kahadb\db.data. Recovered pageFile free list of size: 12 | org.apache.activemq.store.kahadb.disk.page.PageFile | KahaDB Index Free Page Recovery
2024-07-01 16:11:55,267 | INFO  | Starting Temp Data Store | org.apache.activemq.broker.BrokerService | WrapperSimpleAppMain
2024-07-01 16:11:55,268 | INFO  | PListStore:[C:\Users\deser\Downloads\apache-activemq-5.18.4\bin\win32\..\..\data\localhost\tmp_storage] started | org.apache.activemq.store.kahadb.plist.PListStoreImpl | WrapperSimpleAppMain
2024-07-01 16:11:55,268 | INFO  | Starting Job Scheduler Store | org.apache.activemq.broker.BrokerService | WrapperSimpleAppMain
2024-07-01 16:11:55,268 | INFO  | Persistence Adapter successfully started | org.apache.activemq.broker.BrokerService | WrapperSimpleAppMain
2024-07-01 16:11:55,409 | INFO  | Apache ActiveMQ 5.18.4 (localhost, ID:LAPTOP-4UUFSJVI-57007-1719843115276-0:1) is starting | org.apache.activemq.broker.BrokerService | WrapperSimpleAppMain
2024-07-01 16:11:55,464 | INFO  | Listening for connections at: tcp://LAPTOP-4UUFSJVI:61616?maximumConnections=1000&wireFormat.maxFrameSize=104857600 | org.apache.activemq.transport.TransportServerThreadSupport | WrapperSimpleAppMain
2024-07-01 16:11:55,465 | INFO  | Connector openwire started | org.apache.activemq.broker.TransportConnector | WrapperSimpleAppMain
2024-07-01 16:11:55,468 | INFO  | Listening for connections at: amqp://LAPTOP-4UUFSJVI:5672?maximumConnections=1000&wireFormat.maxFrameSize=104857600 | org.apache.activemq.transport.TransportServerThreadSupport | WrapperSimpleAppMain
2024-07-01 16:11:55,468 | INFO  | Connector amqp started | org.apache.activemq.broker.TransportConnector | WrapperSimpleAppMain
2024-07-01 16:11:55,472 | INFO  | Listening for connections at: stomp://LAPTOP-4UUFSJVI:61613?maximumConnections=1000&wireFormat.maxFrameSize=104857600 | org.apache.activemq.transport.TransportServerThreadSupport | WrapperSimpleAppMain
2024-07-01 16:11:55,472 | INFO  | Connector stomp started | org.apache.activemq.broker.TransportConnector | WrapperSimpleAppMain
2024-07-01 16:11:55,475 | INFO  | Listening for connections at: mqtt://LAPTOP-4UUFSJVI:1883?maximumConnections=1000&wireFormat.maxFrameSize=104857600 | org.apache.activemq.transport.TransportServerThreadSupport | WrapperSimpleAppMain
2024-07-01 16:11:55,475 | INFO  | Connector mqtt started | org.apache.activemq.broker.TransportConnector | WrapperSimpleAppMain
2024-07-01 16:11:55,479 | INFO  | Starting Jetty server | org.apache.activemq.transport.WebTransportServerSupport | WrapperSimpleAppMain
2024-07-01 16:11:55,519 | INFO  | Creating Jetty connector | org.apache.activemq.transport.WebTransportServerSupport | WrapperSimpleAppMain
2024-07-01 16:11:55,560 | WARN  | ServletContext@o.e.j.s.ServletContextHandler@1e505abb{/,null,STARTING} has uncovered http methods for path: / | org.eclipse.jetty.security.SecurityHandler | WrapperSimpleAppMain
2024-07-01 16:11:55,618 | INFO  | Listening for connections at ws://LAPTOP-4UUFSJVI:61614?maximumConnections=1000&wireFormat.maxFrameSize=104857600 | org.apache.activemq.transport.ws.WSTransportServer | WrapperSimpleAppMain
2024-07-01 16:11:55,618 | INFO  | Connector ws started | org.apache.activemq.broker.TransportConnector | WrapperSimpleAppMain
2024-07-01 16:11:55,618 | INFO  | Apache ActiveMQ 5.18.4 (localhost, ID:LAPTOP-4UUFSJVI-57007-1719843115276-0:1) started | org.apache.activemq.broker.BrokerService | WrapperSimpleAppMain
2024-07-01 16:11:55,618 | INFO  | For help or more information please see: http://activemq.apache.org | org.apache.activemq.broker.BrokerService | WrapperSimpleAppMain
2024-07-01 16:11:56,143 | INFO  | ActiveMQ WebConsole available at http://127.0.0.1:8161/ | org.apache.activemq.web.WebConsoleStarter | WrapperSimpleAppMain
2024-07-01 16:11:56,143 | INFO  | ActiveMQ Jolokia REST API available at http://127.0.0.1:8161/api/jolokia/ | org.apache.activemq.web.WebConsoleStarter | WrapperSimpleAppMain
